<?xml version="1.0" encoding="UTF-8"?>
<coverage generated="1512966580391" clover="3.2.0">
  <project timestamp="1512966580391" name="All files">
    <metrics statements="100" coveredstatements="100" conditionals="35" coveredconditionals="28" methods="47" coveredmethods="44" elements="182" coveredelements="172" complexity="0" loc="100" ncloc="100" packages="7" files="13" classes="13">
      <package name="src">
        <metrics statements="2" coveredstatements="2" conditionals="2" coveredconditionals="2" methods="0" coveredmethods="0"/>
        <file name="index.js" path="/Users/vitormargis/Workit/open/travix-todo/src/index.js">
          <metrics statements="2" coveredstatements="2" conditionals="2" coveredconditionals="2" methods="0" coveredmethods="0"/>
          <line num="14" count="1" type="stmt"/>
          <line num="16" count="1" type="stmt"/>
        </file>
      </package>
      <package name="src.actions">
        <metrics statements="20" coveredstatements="20" conditionals="8" coveredconditionals="4" methods="5" coveredmethods="5"/>
        <file name="Tasks.js" path="/Users/vitormargis/Workit/open/travix-todo/src/actions/Tasks.js">
          <metrics statements="20" coveredstatements="20" conditionals="8" coveredconditionals="4" methods="5" coveredmethods="5"/>
          <line num="3" count="10" type="stmt"/>
          <line num="4" count="10" type="stmt"/>
          <line num="5" count="10" type="stmt"/>
          <line num="6" count="10" type="stmt"/>
          <line num="7" count="10" type="stmt"/>
          <line num="9" count="10" type="stmt"/>
          <line num="10" count="1" type="cond" truecount="1" falsecount="1"/>
          <line num="11" count="1" type="stmt"/>
          <line num="17" count="10" type="stmt"/>
          <line num="18" count="1" type="cond" truecount="1" falsecount="1"/>
          <line num="19" count="1" type="stmt"/>
          <line num="25" count="10" type="stmt"/>
          <line num="26" count="1" type="cond" truecount="1" falsecount="1"/>
          <line num="27" count="1" type="stmt"/>
          <line num="33" count="10" type="stmt"/>
          <line num="34" count="1" type="cond" truecount="1" falsecount="1"/>
          <line num="35" count="1" type="stmt"/>
          <line num="41" count="10" type="stmt"/>
          <line num="42" count="1" type="stmt"/>
          <line num="44" count="1" type="stmt"/>
        </file>
      </package>
      <package name="src.components.modules">
        <metrics statements="58" coveredstatements="58" conditionals="14" coveredconditionals="12" methods="34" coveredmethods="31"/>
        <file name="Loader.js" path="/Users/vitormargis/Workit/open/travix-todo/src/components/modules/Loader.js">
          <metrics statements="1" coveredstatements="1" conditionals="0" coveredconditionals="0" methods="1" coveredmethods="1"/>
          <line num="4" count="2" type="stmt"/>
        </file>
        <file name="TaskActive.js" path="/Users/vitormargis/Workit/open/travix-todo/src/components/modules/TaskActive.js">
          <metrics statements="7" coveredstatements="7" conditionals="0" coveredconditionals="0" methods="5" coveredmethods="5"/>
          <line num="5" count="4" type="stmt"/>
          <line num="6" count="5" type="stmt"/>
          <line num="7" count="5" type="stmt"/>
          <line num="8" count="5" type="stmt"/>
          <line num="9" count="5" type="stmt"/>
          <line num="10" count="5" type="stmt"/>
          <line num="12" count="5" type="stmt"/>
        </file>
        <file name="TaskCompleted.js" path="/Users/vitormargis/Workit/open/travix-todo/src/components/modules/TaskCompleted.js">
          <metrics statements="5" coveredstatements="5" conditionals="0" coveredconditionals="0" methods="3" coveredmethods="3"/>
          <line num="4" count="4" type="stmt"/>
          <line num="5" count="3" type="stmt"/>
          <line num="6" count="3" type="stmt"/>
          <line num="7" count="3" type="stmt"/>
          <line num="9" count="3" type="stmt"/>
        </file>
        <file name="TaskCreate.js" path="/Users/vitormargis/Workit/open/travix-todo/src/components/modules/TaskCreate.js">
          <metrics statements="4" coveredstatements="4" conditionals="0" coveredconditionals="0" methods="2" coveredmethods="2"/>
          <line num="3" count="4" type="stmt"/>
          <line num="4" count="5" type="stmt"/>
          <line num="5" count="5" type="stmt"/>
          <line num="7" count="5" type="stmt"/>
        </file>
        <file name="TaskList.js" path="/Users/vitormargis/Workit/open/travix-todo/src/components/modules/TaskList.js">
          <metrics statements="41" coveredstatements="41" conditionals="14" coveredconditionals="12" methods="23" coveredmethods="20"/>
          <line num="12" count="8" type="stmt"/>
          <line num="14" count="8" type="stmt"/>
          <line num="18" count="8" type="stmt"/>
          <line num="19" count="8" type="stmt"/>
          <line num="20" count="8" type="stmt"/>
          <line num="21" count="8" type="stmt"/>
          <line num="22" count="8" type="stmt"/>
          <line num="23" count="8" type="stmt"/>
          <line num="27" count="8" type="stmt"/>
          <line num="28" count="8" type="stmt"/>
          <line num="32" count="1" type="stmt"/>
          <line num="33" count="2" type="cond" truecount="2" falsecount="0"/>
          <line num="34" count="2" type="stmt"/>
          <line num="36" count="1" type="stmt"/>
          <line num="40" count="2" type="stmt"/>
          <line num="41" count="1" type="stmt"/>
          <line num="45" count="1" type="stmt"/>
          <line num="46" count="2" type="cond" truecount="2" falsecount="0"/>
          <line num="47" count="2" type="stmt"/>
          <line num="50" count="1" type="cond" truecount="1" falsecount="1"/>
          <line num="51" count="1" type="stmt"/>
          <line num="55" count="1" type="cond" truecount="3" falsecount="1"/>
          <line num="57" count="1" type="stmt"/>
          <line num="58" count="1" type="stmt"/>
          <line num="59" count="1" type="stmt"/>
          <line num="63" count="9" type="stmt"/>
          <line num="65" count="9" type="cond" truecount="2" falsecount="0"/>
          <line num="66" count="7" type="cond" truecount="2" falsecount="0"/>
          <line num="67" count="6" type="stmt"/>
          <line num="71" count="6" type="stmt"/>
          <line num="73" count="12" type="stmt"/>
          <line num="74" count="6" type="stmt"/>
          <line num="75" count="4" type="stmt"/>
          <line num="85" count="6" type="stmt"/>
          <line num="86" count="12" type="stmt"/>
          <line num="87" count="6" type="stmt"/>
          <line num="88" count="8" type="stmt"/>
          <line num="97" count="9" type="stmt"/>
          <line num="99" count="9" type="stmt"/>
          <line num="111" count="1" type="stmt"/>
          <line num="115" count="1" type="stmt"/>
        </file>
      </package>
      <package name="src.components.structure">
        <metrics statements="3" coveredstatements="3" conditionals="0" coveredconditionals="0" methods="2" coveredmethods="2"/>
        <file name="Header.js" path="/Users/vitormargis/Workit/open/travix-todo/src/components/structure/Header.js">
          <metrics statements="2" coveredstatements="2" conditionals="0" coveredconditionals="0" methods="1" coveredmethods="1"/>
          <line num="3" count="3" type="stmt"/>
          <line num="4" count="2" type="stmt"/>
        </file>
        <file name="Main.js" path="/Users/vitormargis/Workit/open/travix-todo/src/components/structure/Main.js">
          <metrics statements="1" coveredstatements="1" conditionals="0" coveredconditionals="0" methods="1" coveredmethods="1"/>
          <line num="6" count="2" type="stmt"/>
        </file>
      </package>
      <package name="src.components.views">
        <metrics statements="2" coveredstatements="2" conditionals="0" coveredconditionals="0" methods="1" coveredmethods="1"/>
        <file name="Home.js" path="/Users/vitormargis/Workit/open/travix-todo/src/components/views/Home.js">
          <metrics statements="2" coveredstatements="2" conditionals="0" coveredconditionals="0" methods="1" coveredmethods="1"/>
          <line num="4" count="2" type="stmt"/>
          <line num="5" count="2" type="stmt"/>
        </file>
      </package>
      <package name="src.reducers">
        <metrics statements="9" coveredstatements="9" conditionals="7" coveredconditionals="7" methods="1" coveredmethods="1"/>
        <file name="Tasks.js" path="/Users/vitormargis/Workit/open/travix-todo/src/reducers/Tasks.js">
          <metrics statements="8" coveredstatements="8" conditionals="7" coveredconditionals="7" methods="1" coveredmethods="1"/>
          <line num="9" count="9" type="stmt"/>
          <line num="15" count="23" type="cond" truecount="6" falsecount="0"/>
          <line num="17" count="1" type="stmt"/>
          <line num="19" count="1" type="stmt"/>
          <line num="21" count="1" type="stmt"/>
          <line num="23" count="1" type="stmt"/>
          <line num="25" count="1" type="stmt"/>
          <line num="27" count="18" type="stmt"/>
        </file>
        <file name="index.js" path="/Users/vitormargis/Workit/open/travix-todo/src/reducers/index.js">
          <metrics statements="1" coveredstatements="1" conditionals="0" coveredconditionals="0" methods="0" coveredmethods="0"/>
          <line num="4" count="8" type="stmt"/>
        </file>
      </package>
      <package name="src.utils">
        <metrics statements="6" coveredstatements="6" conditionals="4" coveredconditionals="3" methods="4" coveredmethods="4"/>
        <file name="Fetch.js" path="/Users/vitormargis/Workit/open/travix-todo/src/utils/Fetch.js">
          <metrics statements="6" coveredstatements="6" conditionals="4" coveredconditionals="3" methods="4" coveredmethods="4"/>
          <line num="1" count="10" type="stmt"/>
          <line num="4" count="5" type="stmt"/>
          <line num="9" count="5" type="stmt"/>
          <line num="10" count="2" type="cond" truecount="3" falsecount="1"/>
          <line num="11" count="2" type="stmt"/>
          <line num="12" count="3" type="stmt"/>
        </file>
      </package>
    </metrics>
  </project>
</coverage>
