<?xml version="1.0" encoding="UTF-8"?>
<coverage generated="1535122840823" clover="3.2.0">
  <project timestamp="1535122840823" name="All files">
    <metrics statements="72" coveredstatements="53" conditionals="32" coveredconditionals="29" methods="34" coveredmethods="19" elements="138" coveredelements="101" complexity="0" loc="72" ncloc="72" packages="12" files="12" classes="12">
      <package name="components.App">
        <metrics statements="1" coveredstatements="1" conditionals="0" coveredconditionals="0" methods="1" coveredmethods="1"/>
        <file name="App.js" path="/Users/pavel/Dropbox/Code/Projects/Travix/frontend-tech-test/client/src/components/App/App.js">
          <metrics statements="1" coveredstatements="1" conditionals="0" coveredconditionals="0" methods="1" coveredmethods="1"/>
          <line num="8" count="1" type="stmt"/>
        </file>
      </package>
      <package name="components.Footer">
        <metrics statements="8" coveredstatements="3" conditionals="2" coveredconditionals="1" methods="4" coveredmethods="1"/>
        <file name="Footer.js" path="/Users/pavel/Dropbox/Code/Projects/Travix/frontend-tech-test/client/src/components/Footer/Footer.js">
          <metrics statements="8" coveredstatements="3" conditionals="2" coveredconditionals="1" methods="4" coveredmethods="1"/>
          <line num="14" count="0" type="stmt"/>
          <line num="18" count="0" type="stmt"/>
          <line num="22" count="0" type="stmt"/>
          <line num="26" count="0" type="stmt"/>
          <line num="27" count="0" type="stmt"/>
          <line num="34" count="7" type="stmt"/>
          <line num="35" count="7" type="stmt"/>
          <line num="61" count="3" type="stmt"/>
        </file>
      </package>
      <package name="components.Header">
        <metrics statements="3" coveredstatements="3" conditionals="0" coveredconditionals="0" methods="1" coveredmethods="1"/>
        <file name="Header.js" path="/Users/pavel/Dropbox/Code/Projects/Travix/frontend-tech-test/client/src/components/Header/Header.js">
          <metrics statements="3" coveredstatements="3" conditionals="0" coveredconditionals="0" methods="1" coveredmethods="1"/>
          <line num="6" count="3" type="stmt"/>
          <line num="7" count="5" type="stmt"/>
          <line num="17" count="3" type="stmt"/>
        </file>
      </package>
      <package name="components.Layout">
        <metrics statements="8" coveredstatements="7" conditionals="2" coveredconditionals="1" methods="3" coveredmethods="3"/>
        <file name="Layout.js" path="/Users/pavel/Dropbox/Code/Projects/Travix/frontend-tech-test/client/src/components/Layout/Layout.js">
          <metrics statements="8" coveredstatements="7" conditionals="2" coveredconditionals="1" methods="3" coveredmethods="3"/>
          <line num="16" count="3" type="stmt"/>
          <line num="20" count="3" type="cond" truecount="1" falsecount="1"/>
          <line num="21" count="0" type="stmt"/>
          <line num="22" count="3" type="stmt"/>
          <line num="26" count="3" type="stmt"/>
          <line num="27" count="3" type="stmt"/>
          <line num="28" count="3" type="stmt"/>
          <line num="38" count="2" type="stmt"/>
        </file>
      </package>
      <package name="components.List">
        <metrics statements="11" coveredstatements="9" conditionals="8" coveredconditionals="8" methods="4" coveredmethods="2"/>
        <file name="List.js" path="/Users/pavel/Dropbox/Code/Projects/Travix/frontend-tech-test/client/src/components/List/List.js">
          <metrics statements="11" coveredstatements="9" conditionals="8" coveredconditionals="8" methods="4" coveredmethods="2"/>
          <line num="9" count="0" type="stmt"/>
          <line num="13" count="6" type="stmt"/>
          <line num="14" count="6" type="stmt"/>
          <line num="15" count="6" type="cond" truecount="4" falsecount="0"/>
          <line num="16" count="2" type="stmt"/>
          <line num="17" count="2" type="stmt"/>
          <line num="26" count="0" type="stmt"/>
          <line num="30" count="6" type="cond" truecount="4" falsecount="0"/>
          <line num="31" count="3" type="stmt"/>
          <line num="38" count="6" type="stmt"/>
          <line num="42" count="3" type="stmt"/>
        </file>
      </package>
      <package name="components.UI.Button">
        <metrics statements="3" coveredstatements="3" conditionals="6" coveredconditionals="6" methods="1" coveredmethods="1"/>
        <file name="Button.js" path="/Users/pavel/Dropbox/Code/Projects/Travix/frontend-tech-test/client/src/components/UI/Button/Button.js">
          <metrics statements="3" coveredstatements="3" conditionals="6" coveredconditionals="6" methods="1" coveredmethods="1"/>
          <line num="6" count="6" type="stmt"/>
          <line num="7" count="41" type="stmt"/>
          <line num="20" count="6" type="stmt"/>
        </file>
      </package>
      <package name="components.UI.Input">
        <metrics statements="4" coveredstatements="4" conditionals="2" coveredconditionals="2" methods="1" coveredmethods="1"/>
        <file name="Input.js" path="/Users/pavel/Dropbox/Code/Projects/Travix/frontend-tech-test/client/src/components/UI/Input/Input.js">
          <metrics statements="4" coveredstatements="4" conditionals="2" coveredconditionals="2" methods="1" coveredmethods="1"/>
          <line num="8" count="23" type="stmt"/>
          <line num="10" count="23" type="cond" truecount="2" falsecount="0"/>
          <line num="31" count="23" type="stmt"/>
          <line num="35" count="6" type="stmt"/>
        </file>
      </package>
      <package name="components.UI.ListItem">
        <metrics statements="14" coveredstatements="11" conditionals="12" coveredconditionals="11" methods="7" coveredmethods="4"/>
        <file name="ListItem.js" path="/Users/pavel/Dropbox/Code/Projects/Travix/frontend-tech-test/client/src/components/UI/ListItem/ListItem.js">
          <metrics statements="14" coveredstatements="11" conditionals="12" coveredconditionals="11" methods="7" coveredmethods="4"/>
          <line num="15" count="6" type="stmt"/>
          <line num="22" count="3" type="stmt"/>
          <line num="28" count="1" type="stmt"/>
          <line num="36" count="0" type="stmt"/>
          <line num="40" count="0" type="stmt"/>
          <line num="44" count="0" type="stmt"/>
          <line num="48" count="15" type="stmt"/>
          <line num="49" count="15" type="stmt"/>
          <line num="51" count="15" type="stmt"/>
          <line num="57" count="15" type="cond" truecount="1" falsecount="1"/>
          <line num="59" count="15" type="cond" truecount="4" falsecount="0"/>
          <line num="60" count="3" type="stmt"/>
          <line num="74" count="15" type="stmt"/>
          <line num="107" count="5" type="stmt"/>
        </file>
      </package>
      <package name="components.UI.Spinner">
        <metrics statements="2" coveredstatements="2" conditionals="0" coveredconditionals="0" methods="1" coveredmethods="1"/>
        <file name="Spinner.js" path="/Users/pavel/Dropbox/Code/Projects/Travix/frontend-tech-test/client/src/components/UI/Spinner/Spinner.js">
          <metrics statements="2" coveredstatements="2" conditionals="0" coveredconditionals="0" methods="1" coveredmethods="1"/>
          <line num="5" count="6" type="stmt"/>
          <line num="6" count="2" type="stmt"/>
        </file>
      </package>
      <package name="containers.FooterContainer">
        <metrics statements="5" coveredstatements="4" conditionals="0" coveredconditionals="0" methods="3" coveredmethods="2"/>
        <file name="FooterContainer.js" path="/Users/pavel/Dropbox/Code/Projects/Travix/frontend-tech-test/client/src/containers/FooterContainer/FooterContainer.js">
          <metrics statements="5" coveredstatements="4" conditionals="0" coveredconditionals="0" methods="3" coveredmethods="2"/>
          <line num="5" count="2" type="stmt"/>
          <line num="6" count="3" type="stmt"/>
          <line num="11" count="2" type="stmt"/>
          <line num="12" count="3" type="stmt"/>
          <line num="13" count="0" type="stmt"/>
        </file>
      </package>
      <package name="containers.LayoutContainer">
        <metrics statements="6" coveredstatements="2" conditionals="0" coveredconditionals="0" methods="3" coveredmethods="0"/>
        <file name="LayoutContainer.js" path="/Users/pavel/Dropbox/Code/Projects/Travix/frontend-tech-test/client/src/containers/LayoutContainer/LayoutContainer.js">
          <metrics statements="6" coveredstatements="2" conditionals="0" coveredconditionals="0" methods="3" coveredmethods="0"/>
          <line num="5" count="1" type="stmt"/>
          <line num="6" count="0" type="stmt"/>
          <line num="7" count="0" type="stmt"/>
          <line num="10" count="1" type="stmt"/>
          <line num="11" count="0" type="stmt"/>
          <line num="12" count="0" type="stmt"/>
        </file>
      </package>
      <package name="containers.ListContainer">
        <metrics statements="7" coveredstatements="4" conditionals="0" coveredconditionals="0" methods="5" coveredmethods="2"/>
        <file name="ListContainer.js" path="/Users/pavel/Dropbox/Code/Projects/Travix/frontend-tech-test/client/src/containers/ListContainer/ListContainer.js">
          <metrics statements="7" coveredstatements="4" conditionals="0" coveredconditionals="0" methods="5" coveredmethods="2"/>
          <line num="5" count="2" type="stmt"/>
          <line num="6" count="3" type="stmt"/>
          <line num="11" count="2" type="stmt"/>
          <line num="12" count="3" type="stmt"/>
          <line num="13" count="0" type="stmt"/>
          <line num="14" count="0" type="stmt"/>
          <line num="15" count="0" type="stmt"/>
        </file>
      </package>
    </metrics>
  </project>
</coverage>
