{"/Users/pavel/Dropbox/Code/Projects/Travix/frontend-tech-test/client/src/components/App/App.js": {"path":"/Users/pavel/Dropbox/Code/Projects/Travix/frontend-tech-test/client/src/components/App/App.js","statementMap":{"0":{"start":{"line":8,"column":4},"end":{"line":8,"column":30}}},"fnMap":{"0":{"name":"(anonymous_0)","decl":{"start":{"line":7,"column":2},"end":{"line":7,"column":3}},"loc":{"start":{"line":7,"column":11},"end":{"line":9,"column":3}},"line":7}},"branchMap":{},"s":{"0":1},"f":{"0":1},"b":{},"_coverageSchema":"332fd63041d2c1bcb487cc26dd0d5f7d97098a6c","hash":"27d18a705a0478cec3e218999cfa55fddaf5c6ac"}
,"/Users/pavel/Dropbox/Code/Projects/Travix/frontend-tech-test/client/src/components/Footer/Footer.js": {"path":"/Users/pavel/Dropbox/Code/Projects/Travix/frontend-tech-test/client/src/components/Footer/Footer.js","statementMap":{"0":{"start":{"line":14,"column":4},"end":{"line":14,"column":50}},"1":{"start":{"line":18,"column":4},"end":{"line":18,"column":49}},"2":{"start":{"line":22,"column":17},"end":{"line":25,"column":5}},"3":{"start":{"line":26,"column":4},"end":{"line":26,"column":28}},"4":{"start":{"line":27,"column":4},"end":{"line":30,"column":6}},"5":{"start":{"line":34,"column":34},"end":{"line":34,"column":44}},"6":{"start":{"line":35,"column":4},"end":{"line":57,"column":5}},"7":{"start":{"line":61,"column":0},"end":{"line":64,"column":1}}},"fnMap":{"0":{"name":"(anonymous_0)","decl":{"start":{"line":13,"column":25},"end":{"line":13,"column":26}},"loc":{"start":{"line":13,"column":34},"end":{"line":15,"column":3}},"line":13},"1":{"name":"(anonymous_1)","decl":{"start":{"line":17,"column":24},"end":{"line":17,"column":25}},"loc":{"start":{"line":17,"column":33},"end":{"line":19,"column":3}},"line":17},"2":{"name":"(anonymous_2)","decl":{"start":{"line":21,"column":28},"end":{"line":21,"column":29}},"loc":{"start":{"line":21,"column":34},"end":{"line":31,"column":3}},"line":21},"3":{"name":"(anonymous_3)","decl":{"start":{"line":33,"column":2},"end":{"line":33,"column":3}},"loc":{"start":{"line":33,"column":11},"end":{"line":58,"column":3}},"line":33}},"branchMap":{"0":{"loc":{"start":{"line":53,"column":22},"end":{"line":53,"column":57}},"type":"binary-expr","locations":[{"start":{"line":53,"column":22},"end":{"line":53,"column":38}},{"start":{"line":53,"column":42},"end":{"line":53,"column":57}}],"line":53}},"s":{"0":0,"1":0,"2":0,"3":0,"4":0,"5":7,"6":7,"7":3},"f":{"0":0,"1":0,"2":0,"3":7},"b":{"0":[7,0]},"_coverageSchema":"332fd63041d2c1bcb487cc26dd0d5f7d97098a6c","hash":"e2b1587d755db48cb8aff7fbd3beaf1ccdc38093"}
,"/Users/pavel/Dropbox/Code/Projects/Travix/frontend-tech-test/client/src/components/Header/Header.js": {"path":"/Users/pavel/Dropbox/Code/Projects/Travix/frontend-tech-test/client/src/components/Header/Header.js","statementMap":{"0":{"start":{"line":6,"column":15},"end":{"line":15,"column":1}},"1":{"start":{"line":7,"column":2},"end":{"line":14,"column":3}},"2":{"start":{"line":17,"column":0},"end":{"line":19,"column":1}}},"fnMap":{"0":{"name":"(anonymous_0)","decl":{"start":{"line":6,"column":15},"end":{"line":6,"column":16}},"loc":{"start":{"line":6,"column":24},"end":{"line":15,"column":1}},"line":6}},"branchMap":{},"s":{"0":3,"1":5,"2":3},"f":{"0":5},"b":{},"_coverageSchema":"332fd63041d2c1bcb487cc26dd0d5f7d97098a6c","hash":"80cc085d043a296e7f02db322fb12fd18278fcc0"}
,"/Users/pavel/Dropbox/Code/Projects/Travix/frontend-tech-test/client/src/components/Layout/Layout.js": {"path":"/Users/pavel/Dropbox/Code/Projects/Travix/frontend-tech-test/client/src/components/Layout/Layout.js","statementMap":{"0":{"start":{"line":16,"column":4},"end":{"line":16,"column":27}},"1":{"start":{"line":20,"column":4},"end":{"line":22,"column":22}},"2":{"start":{"line":21,"column":6},"end":{"line":21,"column":70}},"3":{"start":{"line":22,"column":11},"end":{"line":22,"column":22}},"4":{"start":{"line":26,"column":29},"end":{"line":26,"column":39}},"5":{"start":{"line":27,"column":22},"end":{"line":27,"column":32}},"6":{"start":{"line":28,"column":4},"end":{"line":34,"column":5}},"7":{"start":{"line":38,"column":0},"end":{"line":42,"column":1}}},"fnMap":{"0":{"name":"(anonymous_0)","decl":{"start":{"line":15,"column":22},"end":{"line":15,"column":23}},"loc":{"start":{"line":15,"column":28},"end":{"line":17,"column":3}},"line":15},"1":{"name":"(anonymous_1)","decl":{"start":{"line":19,"column":2},"end":{"line":19,"column":3}},"loc":{"start":{"line":19,"column":45},"end":{"line":23,"column":3}},"line":19},"2":{"name":"(anonymous_2)","decl":{"start":{"line":25,"column":2},"end":{"line":25,"column":3}},"loc":{"start":{"line":25,"column":11},"end":{"line":35,"column":3}},"line":25}},"branchMap":{"0":{"loc":{"start":{"line":20,"column":4},"end":{"line":22,"column":22}},"type":"if","locations":[{"start":{"line":20,"column":4},"end":{"line":22,"column":22}},{"start":{"line":20,"column":4},"end":{"line":22,"column":22}}],"line":20}},"s":{"0":3,"1":3,"2":0,"3":3,"4":3,"5":3,"6":3,"7":2},"f":{"0":3,"1":3,"2":3},"b":{"0":[0,3]},"_coverageSchema":"332fd63041d2c1bcb487cc26dd0d5f7d97098a6c","hash":"d8c53a18970b4006a8db93d177a725e8474e7ad9"}
,"/Users/pavel/Dropbox/Code/Projects/Travix/frontend-tech-test/client/src/components/List/List.js": {"path":"/Users/pavel/Dropbox/Code/Projects/Travix/frontend-tech-test/client/src/components/List/List.js","statementMap":{"0":{"start":{"line":10,"column":27},"end":{"line":10,"column":37}},"1":{"start":{"line":11,"column":4},"end":{"line":11,"column":18}},"2":{"start":{"line":15,"column":67},"end":{"line":15,"column":77}},"3":{"start":{"line":16,"column":20},"end":{"line":16,"column":31}},"4":{"start":{"line":17,"column":4},"end":{"line":43,"column":5}},"5":{"start":{"line":18,"column":6},"end":{"line":42,"column":7}},"6":{"start":{"line":21,"column":12},"end":{"line":39,"column":28}},"7":{"start":{"line":37,"column":31},"end":{"line":37,"column":57}},"8":{"start":{"line":44,"column":4},"end":{"line":54,"column":5}},"9":{"start":{"line":45,"column":6},"end":{"line":53,"column":7}},"10":{"start":{"line":55,"column":4},"end":{"line":55,"column":57}},"11":{"start":{"line":59,"column":0},"end":{"line":65,"column":1}},"12":{"start":{"line":67,"column":0},"end":{"line":74,"column":1}}},"fnMap":{"0":{"name":"(anonymous_0)","decl":{"start":{"line":9,"column":17},"end":{"line":9,"column":18}},"loc":{"start":{"line":9,"column":23},"end":{"line":12,"column":3}},"line":9},"1":{"name":"(anonymous_1)","decl":{"start":{"line":14,"column":2},"end":{"line":14,"column":3}},"loc":{"start":{"line":14,"column":11},"end":{"line":56,"column":3}},"line":14},"2":{"name":"(anonymous_2)","decl":{"start":{"line":20,"column":21},"end":{"line":20,"column":22}},"loc":{"start":{"line":21,"column":12},"end":{"line":39,"column":28}},"line":21},"3":{"name":"(anonymous_3)","decl":{"start":{"line":37,"column":25},"end":{"line":37,"column":26}},"loc":{"start":{"line":37,"column":31},"end":{"line":37,"column":57}},"line":37}},"branchMap":{"0":{"loc":{"start":{"line":17,"column":4},"end":{"line":43,"column":5}},"type":"if","locations":[{"start":{"line":17,"column":4},"end":{"line":43,"column":5}},{"start":{"line":17,"column":4},"end":{"line":43,"column":5}}],"line":17},"1":{"loc":{"start":{"line":17,"column":8},"end":{"line":17,"column":38}},"type":"binary-expr","locations":[{"start":{"line":17,"column":8},"end":{"line":17,"column":26}},{"start":{"line":17,"column":30},"end":{"line":17,"column":38}}],"line":17},"2":{"loc":{"start":{"line":44,"column":4},"end":{"line":54,"column":5}},"type":"if","locations":[{"start":{"line":44,"column":4},"end":{"line":54,"column":5}},{"start":{"line":44,"column":4},"end":{"line":54,"column":5}}],"line":44},"3":{"loc":{"start":{"line":44,"column":8},"end":{"line":44,"column":38}},"type":"binary-expr","locations":[{"start":{"line":44,"column":8},"end":{"line":44,"column":26}},{"start":{"line":44,"column":30},"end":{"line":44,"column":38}}],"line":44}},"s":{"0":0,"1":0,"2":6,"3":6,"4":6,"5":0,"6":0,"7":0,"8":6,"9":0,"10":6,"11":3,"12":3},"f":{"0":0,"1":6,"2":0,"3":0},"b":{"0":[0,6],"1":[6,3],"2":[0,6],"3":[6,3]},"_coverageSchema":"332fd63041d2c1bcb487cc26dd0d5f7d97098a6c","hash":"302fe6761d624f8e5a0d2d451f30bc75403258df"}
,"/Users/pavel/Dropbox/Code/Projects/Travix/frontend-tech-test/client/src/components/UI/Button/Button.js": {"path":"/Users/pavel/Dropbox/Code/Projects/Travix/frontend-tech-test/client/src/components/UI/Button/Button.js","statementMap":{"0":{"start":{"line":6,"column":15},"end":{"line":18,"column":1}},"1":{"start":{"line":7,"column":2},"end":{"line":17,"column":3}},"2":{"start":{"line":20,"column":0},"end":{"line":27,"column":1}}},"fnMap":{"0":{"name":"(anonymous_0)","decl":{"start":{"line":6,"column":15},"end":{"line":6,"column":16}},"loc":{"start":{"line":6,"column":24},"end":{"line":18,"column":1}},"line":6}},"branchMap":{"0":{"loc":{"start":{"line":9,"column":20},"end":{"line":9,"column":56}},"type":"cond-expr","locations":[{"start":{"line":9,"column":32},"end":{"line":9,"column":49}},{"start":{"line":9,"column":52},"end":{"line":9,"column":56}}],"line":9},"1":{"loc":{"start":{"line":10,"column":8},"end":{"line":10,"column":50}},"type":"cond-expr","locations":[{"start":{"line":10,"column":23},"end":{"line":10,"column":43}},{"start":{"line":10,"column":46},"end":{"line":10,"column":50}}],"line":10},"2":{"loc":{"start":{"line":11,"column":10},"end":{"line":11,"column":48}},"type":"cond-expr","locations":[{"start":{"line":11,"column":23},"end":{"line":11,"column":41}},{"start":{"line":11,"column":44},"end":{"line":11,"column":48}}],"line":11}},"s":{"0":6,"1":33,"2":6},"f":{"0":33},"b":{"0":[7,26],"1":[11,22],"2":[11,22]},"_coverageSchema":"332fd63041d2c1bcb487cc26dd0d5f7d97098a6c","hash":"be5d1bf24d69b520303089f4887d41434599f96e"}
,"/Users/pavel/Dropbox/Code/Projects/Travix/frontend-tech-test/client/src/components/UI/Input/Input.js": {"path":"/Users/pavel/Dropbox/Code/Projects/Travix/frontend-tech-test/client/src/components/UI/Input/Input.js","statementMap":{"0":{"start":{"line":8,"column":70},"end":{"line":8,"column":80}},"1":{"start":{"line":10,"column":18},"end":{"line":29,"column":5}},"2":{"start":{"line":31,"column":4},"end":{"line":31,"column":16}},"3":{"start":{"line":35,"column":0},"end":{"line":40,"column":1}}},"fnMap":{"0":{"name":"(anonymous_0)","decl":{"start":{"line":7,"column":2},"end":{"line":7,"column":3}},"loc":{"start":{"line":7,"column":11},"end":{"line":32,"column":3}},"line":7}},"branchMap":{"0":{"loc":{"start":{"line":10,"column":18},"end":{"line":29,"column":5}},"type":"cond-expr","locations":[{"start":{"line":11,"column":6},"end":{"line":18,"column":8}},{"start":{"line":20,"column":6},"end":{"line":28,"column":8}}],"line":10}},"s":{"0":23,"1":23,"2":23,"3":6},"f":{"0":23},"b":{"0":[11,12]},"_coverageSchema":"332fd63041d2c1bcb487cc26dd0d5f7d97098a6c","hash":"00cd4117ce89c357784e6218e1a26976af07dd8c"}
,"/Users/pavel/Dropbox/Code/Projects/Travix/frontend-tech-test/client/src/components/UI/ListItem/ListItem.js": {"path":"/Users/pavel/Dropbox/Code/Projects/Travix/frontend-tech-test/client/src/components/UI/ListItem/ListItem.js","statementMap":{"0":{"start":{"line":15,"column":28},"end":{"line":15,"column":38}},"1":{"start":{"line":16,"column":4},"end":{"line":19,"column":6}},"2":{"start":{"line":23,"column":25},"end":{"line":23,"column":35}},"3":{"start":{"line":24,"column":4},"end":{"line":26,"column":6}},"4":{"start":{"line":30,"column":39},"end":{"line":30,"column":49}},"5":{"start":{"line":31,"column":36},"end":{"line":31,"column":46}},"6":{"start":{"line":32,"column":4},"end":{"line":32,"column":47}},"7":{"start":{"line":36,"column":41},"end":{"line":36,"column":51}},"8":{"start":{"line":37,"column":4},"end":{"line":37,"column":28}},"9":{"start":{"line":41,"column":4},"end":{"line":41,"column":52}},"10":{"start":{"line":45,"column":4},"end":{"line":45,"column":51}},"11":{"start":{"line":49,"column":55},"end":{"line":49,"column":65}},"12":{"start":{"line":50,"column":46},"end":{"line":50,"column":56}},"13":{"start":{"line":52,"column":6},"end":{"line":55,"column":17}},"14":{"start":{"line":58,"column":15},"end":{"line":58,"column":63}},"15":{"start":{"line":60,"column":4},"end":{"line":74,"column":5}},"16":{"start":{"line":61,"column":6},"end":{"line":73,"column":7}},"17":{"start":{"line":75,"column":4},"end":{"line":107,"column":5}},"18":{"start":{"line":111,"column":0},"end":{"line":114,"column":1}},"19":{"start":{"line":116,"column":0},"end":{"line":125,"column":1}}},"fnMap":{"0":{"name":"(anonymous_0)","decl":{"start":{"line":14,"column":22},"end":{"line":14,"column":23}},"loc":{"start":{"line":14,"column":28},"end":{"line":20,"column":3}},"line":14},"1":{"name":"(anonymous_1)","decl":{"start":{"line":22,"column":29},"end":{"line":22,"column":30}},"loc":{"start":{"line":22,"column":35},"end":{"line":27,"column":3}},"line":22},"2":{"name":"(anonymous_2)","decl":{"start":{"line":29,"column":29},"end":{"line":29,"column":30}},"loc":{"start":{"line":29,"column":35},"end":{"line":33,"column":3}},"line":29},"3":{"name":"(anonymous_3)","decl":{"start":{"line":35,"column":31},"end":{"line":35,"column":32}},"loc":{"start":{"line":35,"column":37},"end":{"line":38,"column":3}},"line":35},"4":{"name":"(anonymous_4)","decl":{"start":{"line":40,"column":25},"end":{"line":40,"column":26}},"loc":{"start":{"line":40,"column":34},"end":{"line":42,"column":3}},"line":40},"5":{"name":"(anonymous_5)","decl":{"start":{"line":44,"column":24},"end":{"line":44,"column":25}},"loc":{"start":{"line":44,"column":33},"end":{"line":46,"column":3}},"line":44},"6":{"name":"(anonymous_6)","decl":{"start":{"line":48,"column":2},"end":{"line":48,"column":3}},"loc":{"start":{"line":48,"column":11},"end":{"line":108,"column":3}},"line":48}},"branchMap":{"0":{"loc":{"start":{"line":58,"column":15},"end":{"line":58,"column":63}},"type":"cond-expr","locations":[{"start":{"line":58,"column":28},"end":{"line":58,"column":56}},{"start":{"line":58,"column":59},"end":{"line":58,"column":63}}],"line":58},"1":{"loc":{"start":{"line":60,"column":4},"end":{"line":74,"column":5}},"type":"if","locations":[{"start":{"line":60,"column":4},"end":{"line":74,"column":5}},{"start":{"line":60,"column":4},"end":{"line":74,"column":5}}],"line":60},"2":{"loc":{"start":{"line":60,"column":8},"end":{"line":60,"column":28}},"type":"binary-expr","locations":[{"start":{"line":60,"column":8},"end":{"line":60,"column":16}},{"start":{"line":60,"column":20},"end":{"line":60,"column":28}}],"line":60},"3":{"loc":{"start":{"line":79,"column":21},"end":{"line":79,"column":66}},"type":"cond-expr","locations":[{"start":{"line":79,"column":32},"end":{"line":79,"column":52}},{"start":{"line":79,"column":55},"end":{"line":79,"column":66}}],"line":79},"4":{"loc":{"start":{"line":95,"column":21},"end":{"line":95,"column":48}},"type":"cond-expr","locations":[{"start":{"line":95,"column":33},"end":{"line":95,"column":39}},{"start":{"line":95,"column":42},"end":{"line":95,"column":48}}],"line":95},"5":{"loc":{"start":{"line":98,"column":14},"end":{"line":100,"column":47}},"type":"cond-expr","locations":[{"start":{"line":99,"column":18},"end":{"line":99,"column":47}},{"start":{"line":100,"column":18},"end":{"line":100,"column":47}}],"line":98}},"s":{"0":4,"1":4,"2":3,"3":3,"4":1,"5":1,"6":1,"7":0,"8":0,"9":0,"10":0,"11":11,"12":11,"13":11,"14":11,"15":11,"16":3,"17":11,"18":5,"19":5},"f":{"0":4,"1":3,"2":1,"3":0,"4":0,"5":0,"6":11},"b":{"0":[0,11],"1":[3,8],"2":[11,3],"3":[9,2],"4":[8,3],"5":[8,3]},"_coverageSchema":"332fd63041d2c1bcb487cc26dd0d5f7d97098a6c","hash":"e4ffc3bda88a78c988323641ca3327051e7702ef"}
,"/Users/pavel/Dropbox/Code/Projects/Travix/frontend-tech-test/client/src/components/UI/Spinner/Spinner.js": {"path":"/Users/pavel/Dropbox/Code/Projects/Travix/frontend-tech-test/client/src/components/UI/Spinner/Spinner.js","statementMap":{"0":{"start":{"line":5,"column":16},"end":{"line":14,"column":1}},"1":{"start":{"line":6,"column":2},"end":{"line":13,"column":3}}},"fnMap":{"0":{"name":"(anonymous_0)","decl":{"start":{"line":5,"column":16},"end":{"line":5,"column":17}},"loc":{"start":{"line":5,"column":22},"end":{"line":14,"column":1}},"line":5}},"branchMap":{},"s":{"0":6,"1":7},"f":{"0":7},"b":{},"_coverageSchema":"332fd63041d2c1bcb487cc26dd0d5f7d97098a6c","hash":"91aff88723dfbdda8e447f3dbebe8d86af4cf2aa"}
,"/Users/pavel/Dropbox/Code/Projects/Travix/frontend-tech-test/client/src/containers/FooterContainer/FooterContainer.js": {"path":"/Users/pavel/Dropbox/Code/Projects/Travix/frontend-tech-test/client/src/containers/FooterContainer/FooterContainer.js","statementMap":{"0":{"start":{"line":5,"column":24},"end":{"line":7,"column":2}},"1":{"start":{"line":5,"column":34},"end":{"line":7,"column":1}},"2":{"start":{"line":9,"column":27},"end":{"line":11,"column":2}},"3":{"start":{"line":9,"column":40},"end":{"line":11,"column":1}},"4":{"start":{"line":10,"column":19},"end":{"line":10,"column":50}}},"fnMap":{"0":{"name":"(anonymous_0)","decl":{"start":{"line":5,"column":24},"end":{"line":5,"column":25}},"loc":{"start":{"line":5,"column":34},"end":{"line":7,"column":1}},"line":5},"1":{"name":"(anonymous_1)","decl":{"start":{"line":9,"column":27},"end":{"line":9,"column":28}},"loc":{"start":{"line":9,"column":40},"end":{"line":11,"column":1}},"line":9},"2":{"name":"(anonymous_2)","decl":{"start":{"line":10,"column":11},"end":{"line":10,"column":12}},"loc":{"start":{"line":10,"column":19},"end":{"line":10,"column":50}},"line":10}},"branchMap":{},"s":{"0":2,"1":3,"2":2,"3":3,"4":0},"f":{"0":3,"1":3,"2":0},"b":{},"_coverageSchema":"332fd63041d2c1bcb487cc26dd0d5f7d97098a6c","hash":"3025cfa4d9bfe9b2dcda83f84e970d23d763719f"}
,"/Users/pavel/Dropbox/Code/Projects/Travix/frontend-tech-test/client/src/containers/LayoutContainer/LayoutContainer.js": {"path":"/Users/pavel/Dropbox/Code/Projects/Travix/frontend-tech-test/client/src/containers/LayoutContainer/LayoutContainer.js","statementMap":{"0":{"start":{"line":5,"column":24},"end":{"line":8,"column":1}},"1":{"start":{"line":6,"column":34},"end":{"line":6,"column":45}},"2":{"start":{"line":7,"column":2},"end":{"line":7,"column":32}},"3":{"start":{"line":10,"column":27},"end":{"line":12,"column":2}},"4":{"start":{"line":10,"column":40},"end":{"line":12,"column":1}},"5":{"start":{"line":11,"column":20},"end":{"line":11,"column":50}}},"fnMap":{"0":{"name":"(anonymous_0)","decl":{"start":{"line":5,"column":24},"end":{"line":5,"column":25}},"loc":{"start":{"line":5,"column":33},"end":{"line":8,"column":1}},"line":5},"1":{"name":"(anonymous_1)","decl":{"start":{"line":10,"column":27},"end":{"line":10,"column":28}},"loc":{"start":{"line":10,"column":40},"end":{"line":12,"column":1}},"line":10},"2":{"name":"(anonymous_2)","decl":{"start":{"line":11,"column":14},"end":{"line":11,"column":15}},"loc":{"start":{"line":11,"column":20},"end":{"line":11,"column":50}},"line":11}},"branchMap":{},"s":{"0":1,"1":0,"2":0,"3":1,"4":0,"5":0},"f":{"0":0,"1":0,"2":0},"b":{},"_coverageSchema":"332fd63041d2c1bcb487cc26dd0d5f7d97098a6c","hash":"e9006be7bfbed77f0f9f844605c8e4f637544687"}
,"/Users/pavel/Dropbox/Code/Projects/Travix/frontend-tech-test/client/src/containers/ListContainer/ListContainer.js": {"path":"/Users/pavel/Dropbox/Code/Projects/Travix/frontend-tech-test/client/src/containers/ListContainer/ListContainer.js","statementMap":{"0":{"start":{"line":5,"column":24},"end":{"line":7,"column":2}},"1":{"start":{"line":5,"column":34},"end":{"line":7,"column":1}},"2":{"start":{"line":9,"column":27},"end":{"line":13,"column":2}},"3":{"start":{"line":9,"column":40},"end":{"line":13,"column":1}},"4":{"start":{"line":10,"column":20},"end":{"line":10,"column":52}},"5":{"start":{"line":11,"column":20},"end":{"line":11,"column":52}},"6":{"start":{"line":12,"column":33},"end":{"line":12,"column":76}}},"fnMap":{"0":{"name":"(anonymous_0)","decl":{"start":{"line":5,"column":24},"end":{"line":5,"column":25}},"loc":{"start":{"line":5,"column":34},"end":{"line":7,"column":1}},"line":5},"1":{"name":"(anonymous_1)","decl":{"start":{"line":9,"column":27},"end":{"line":9,"column":28}},"loc":{"start":{"line":9,"column":40},"end":{"line":13,"column":1}},"line":9},"2":{"name":"(anonymous_2)","decl":{"start":{"line":10,"column":14},"end":{"line":10,"column":15}},"loc":{"start":{"line":10,"column":20},"end":{"line":10,"column":52}},"line":10},"3":{"name":"(anonymous_3)","decl":{"start":{"line":11,"column":14},"end":{"line":11,"column":15}},"loc":{"start":{"line":11,"column":20},"end":{"line":11,"column":52}},"line":11},"4":{"name":"(anonymous_4)","decl":{"start":{"line":12,"column":12},"end":{"line":12,"column":13}},"loc":{"start":{"line":12,"column":33},"end":{"line":12,"column":76}},"line":12}},"branchMap":{},"s":{"0":2,"1":3,"2":2,"3":3,"4":0,"5":0,"6":0},"f":{"0":3,"1":3,"2":0,"3":0,"4":0},"b":{},"_coverageSchema":"332fd63041d2c1bcb487cc26dd0d5f7d97098a6c","hash":"fcbbdb1eea7ffae6007b0c3644c633cdb5d5d613"}
}
