{"/Users/pavel/Dropbox/Code/Projects/Travix/frontend-tech-test/client/src/components/App/App.js": {"path":"/Users/pavel/Dropbox/Code/Projects/Travix/frontend-tech-test/client/src/components/App/App.js","statementMap":{"0":{"start":{"line":6,"column":12},"end":{"line":6,"column":37}},"1":{"start":{"line":6,"column":18},"end":{"line":6,"column":37}}},"fnMap":{"0":{"name":"(anonymous_0)","decl":{"start":{"line":6,"column":12},"end":{"line":6,"column":13}},"loc":{"start":{"line":6,"column":18},"end":{"line":6,"column":37}},"line":6}},"branchMap":{},"s":{"0":1,"1":1},"f":{"0":1},"b":{},"_coverageSchema":"332fd63041d2c1bcb487cc26dd0d5f7d97098a6c","hash":"4edb317b315f95032c31d71546bf51275ad4313d"}
,"/Users/pavel/Dropbox/Code/Projects/Travix/frontend-tech-test/client/src/components/Footer/Footer.js": {"path":"/Users/pavel/Dropbox/Code/Projects/Travix/frontend-tech-test/client/src/components/Footer/Footer.js","statementMap":{"0":{"start":{"line":14,"column":4},"end":{"line":14,"column":52}},"1":{"start":{"line":18,"column":4},"end":{"line":18,"column":51}},"2":{"start":{"line":22,"column":36},"end":{"line":22,"column":46}},"3":{"start":{"line":23,"column":24},"end":{"line":23,"column":34}},"4":{"start":{"line":24,"column":17},"end":{"line":27,"column":5}},"5":{"start":{"line":28,"column":4},"end":{"line":28,"column":17}},"6":{"start":{"line":29,"column":4},"end":{"line":32,"column":6}},"7":{"start":{"line":36,"column":36},"end":{"line":36,"column":46}},"8":{"start":{"line":37,"column":4},"end":{"line":59,"column":5}},"9":{"start":{"line":63,"column":0},"end":{"line":65,"column":1}},"10":{"start":{"line":67,"column":0},"end":{"line":69,"column":1}}},"fnMap":{"0":{"name":"(anonymous_0)","decl":{"start":{"line":13,"column":25},"end":{"line":13,"column":26}},"loc":{"start":{"line":13,"column":34},"end":{"line":15,"column":3}},"line":13},"1":{"name":"(anonymous_1)","decl":{"start":{"line":17,"column":24},"end":{"line":17,"column":25}},"loc":{"start":{"line":17,"column":33},"end":{"line":19,"column":3}},"line":17},"2":{"name":"(anonymous_2)","decl":{"start":{"line":21,"column":28},"end":{"line":21,"column":29}},"loc":{"start":{"line":21,"column":34},"end":{"line":33,"column":3}},"line":21},"3":{"name":"(anonymous_3)","decl":{"start":{"line":35,"column":2},"end":{"line":35,"column":3}},"loc":{"start":{"line":35,"column":11},"end":{"line":60,"column":3}},"line":35}},"branchMap":{"0":{"loc":{"start":{"line":55,"column":22},"end":{"line":55,"column":57}},"type":"binary-expr","locations":[{"start":{"line":55,"column":22},"end":{"line":55,"column":38}},{"start":{"line":55,"column":42},"end":{"line":55,"column":57}}],"line":55}},"s":{"0":0,"1":0,"2":0,"3":0,"4":0,"5":0,"6":0,"7":7,"8":7,"9":3,"10":3},"f":{"0":0,"1":0,"2":0,"3":7},"b":{"0":[7,0]},"_coverageSchema":"332fd63041d2c1bcb487cc26dd0d5f7d97098a6c","hash":"93368c4e3b1489d77047d58f31b3aedff9fe4cb1"}
,"/Users/pavel/Dropbox/Code/Projects/Travix/frontend-tech-test/client/src/components/Header/Header.js": {"path":"/Users/pavel/Dropbox/Code/Projects/Travix/frontend-tech-test/client/src/components/Header/Header.js","statementMap":{"0":{"start":{"line":6,"column":15},"end":{"line":16,"column":1}},"1":{"start":{"line":7,"column":22},"end":{"line":7,"column":27}},"2":{"start":{"line":8,"column":2},"end":{"line":15,"column":3}},"3":{"start":{"line":18,"column":0},"end":{"line":20,"column":1}}},"fnMap":{"0":{"name":"(anonymous_0)","decl":{"start":{"line":6,"column":15},"end":{"line":6,"column":16}},"loc":{"start":{"line":6,"column":24},"end":{"line":16,"column":1}},"line":6}},"branchMap":{},"s":{"0":3,"1":5,"2":5,"3":3},"f":{"0":5},"b":{},"_coverageSchema":"332fd63041d2c1bcb487cc26dd0d5f7d97098a6c","hash":"f102c6105f951ebf7205faabc6043310d238e544"}
,"/Users/pavel/Dropbox/Code/Projects/Travix/frontend-tech-test/client/src/components/Layout/Layout.js": {"path":"/Users/pavel/Dropbox/Code/Projects/Travix/frontend-tech-test/client/src/components/Layout/Layout.js","statementMap":{"0":{"start":{"line":16,"column":27},"end":{"line":16,"column":37}},"1":{"start":{"line":17,"column":4},"end":{"line":17,"column":16}},"2":{"start":{"line":21,"column":4},"end":{"line":23,"column":5}},"3":{"start":{"line":22,"column":6},"end":{"line":22,"column":72}},"4":{"start":{"line":24,"column":4},"end":{"line":24,"column":15}},"5":{"start":{"line":28,"column":31},"end":{"line":28,"column":41}},"6":{"start":{"line":29,"column":24},"end":{"line":29,"column":34}},"7":{"start":{"line":30,"column":4},"end":{"line":36,"column":5}},"8":{"start":{"line":40,"column":0},"end":{"line":42,"column":1}},"9":{"start":{"line":44,"column":0},"end":{"line":47,"column":1}}},"fnMap":{"0":{"name":"(anonymous_0)","decl":{"start":{"line":15,"column":22},"end":{"line":15,"column":23}},"loc":{"start":{"line":15,"column":28},"end":{"line":18,"column":3}},"line":15},"1":{"name":"(anonymous_1)","decl":{"start":{"line":20,"column":2},"end":{"line":20,"column":3}},"loc":{"start":{"line":20,"column":45},"end":{"line":25,"column":3}},"line":20},"2":{"name":"(anonymous_2)","decl":{"start":{"line":27,"column":2},"end":{"line":27,"column":3}},"loc":{"start":{"line":27,"column":11},"end":{"line":37,"column":3}},"line":27}},"branchMap":{"0":{"loc":{"start":{"line":21,"column":4},"end":{"line":23,"column":5}},"type":"if","locations":[{"start":{"line":21,"column":4},"end":{"line":23,"column":5}},{"start":{"line":21,"column":4},"end":{"line":23,"column":5}}],"line":21}},"s":{"0":3,"1":3,"2":3,"3":0,"4":3,"5":3,"6":3,"7":3,"8":2,"9":2},"f":{"0":3,"1":3,"2":3},"b":{"0":[0,3]},"_coverageSchema":"332fd63041d2c1bcb487cc26dd0d5f7d97098a6c","hash":"fd8095d8fa491ccdd2174d72912ca8f5d0cfaf8c"}
,"/Users/pavel/Dropbox/Code/Projects/Travix/frontend-tech-test/client/src/components/List/List.js": {"path":"/Users/pavel/Dropbox/Code/Projects/Travix/frontend-tech-test/client/src/components/List/List.js","statementMap":{"0":{"start":{"line":10,"column":27},"end":{"line":10,"column":37}},"1":{"start":{"line":11,"column":4},"end":{"line":11,"column":18}},"2":{"start":{"line":15,"column":67},"end":{"line":15,"column":77}},"3":{"start":{"line":16,"column":20},"end":{"line":16,"column":31}},"4":{"start":{"line":17,"column":4},"end":{"line":43,"column":5}},"5":{"start":{"line":18,"column":6},"end":{"line":42,"column":7}},"6":{"start":{"line":21,"column":12},"end":{"line":39,"column":28}},"7":{"start":{"line":37,"column":31},"end":{"line":37,"column":57}},"8":{"start":{"line":44,"column":4},"end":{"line":54,"column":5}},"9":{"start":{"line":45,"column":6},"end":{"line":53,"column":7}},"10":{"start":{"line":55,"column":4},"end":{"line":55,"column":57}},"11":{"start":{"line":59,"column":0},"end":{"line":65,"column":1}},"12":{"start":{"line":67,"column":0},"end":{"line":74,"column":1}}},"fnMap":{"0":{"name":"(anonymous_0)","decl":{"start":{"line":9,"column":17},"end":{"line":9,"column":18}},"loc":{"start":{"line":9,"column":23},"end":{"line":12,"column":3}},"line":9},"1":{"name":"(anonymous_1)","decl":{"start":{"line":14,"column":2},"end":{"line":14,"column":3}},"loc":{"start":{"line":14,"column":11},"end":{"line":56,"column":3}},"line":14},"2":{"name":"(anonymous_2)","decl":{"start":{"line":20,"column":21},"end":{"line":20,"column":22}},"loc":{"start":{"line":21,"column":12},"end":{"line":39,"column":28}},"line":21},"3":{"name":"(anonymous_3)","decl":{"start":{"line":37,"column":25},"end":{"line":37,"column":26}},"loc":{"start":{"line":37,"column":31},"end":{"line":37,"column":57}},"line":37}},"branchMap":{"0":{"loc":{"start":{"line":17,"column":4},"end":{"line":43,"column":5}},"type":"if","locations":[{"start":{"line":17,"column":4},"end":{"line":43,"column":5}},{"start":{"line":17,"column":4},"end":{"line":43,"column":5}}],"line":17},"1":{"loc":{"start":{"line":17,"column":8},"end":{"line":17,"column":38}},"type":"binary-expr","locations":[{"start":{"line":17,"column":8},"end":{"line":17,"column":26}},{"start":{"line":17,"column":30},"end":{"line":17,"column":38}}],"line":17},"2":{"loc":{"start":{"line":44,"column":4},"end":{"line":54,"column":5}},"type":"if","locations":[{"start":{"line":44,"column":4},"end":{"line":54,"column":5}},{"start":{"line":44,"column":4},"end":{"line":54,"column":5}}],"line":44},"3":{"loc":{"start":{"line":44,"column":8},"end":{"line":44,"column":38}},"type":"binary-expr","locations":[{"start":{"line":44,"column":8},"end":{"line":44,"column":26}},{"start":{"line":44,"column":30},"end":{"line":44,"column":38}}],"line":44}},"s":{"0":0,"1":0,"2":6,"3":6,"4":6,"5":2,"6":2,"7":0,"8":6,"9":3,"10":6,"11":3,"12":3},"f":{"0":0,"1":6,"2":2,"3":0},"b":{"0":[2,4],"1":[6,3],"2":[3,3],"3":[6,3]},"_coverageSchema":"332fd63041d2c1bcb487cc26dd0d5f7d97098a6c","hash":"302fe6761d624f8e5a0d2d451f30bc75403258df"}
,"/Users/pavel/Dropbox/Code/Projects/Travix/frontend-tech-test/client/src/components/UI/Button/Button.js": {"path":"/Users/pavel/Dropbox/Code/Projects/Travix/frontend-tech-test/client/src/components/UI/Button/Button.js","statementMap":{"0":{"start":{"line":6,"column":15},"end":{"line":20,"column":1}},"1":{"start":{"line":7,"column":71},"end":{"line":7,"column":76}},"2":{"start":{"line":8,"column":2},"end":{"line":19,"column":3}},"3":{"start":{"line":22,"column":0},"end":{"line":28,"column":1}},"4":{"start":{"line":30,"column":0},"end":{"line":37,"column":1}}},"fnMap":{"0":{"name":"(anonymous_0)","decl":{"start":{"line":6,"column":15},"end":{"line":6,"column":16}},"loc":{"start":{"line":6,"column":24},"end":{"line":20,"column":1}},"line":6}},"branchMap":{"0":{"loc":{"start":{"line":11,"column":20},"end":{"line":11,"column":50}},"type":"cond-expr","locations":[{"start":{"line":11,"column":26},"end":{"line":11,"column":43}},{"start":{"line":11,"column":46},"end":{"line":11,"column":50}}],"line":11},"1":{"loc":{"start":{"line":12,"column":8},"end":{"line":12,"column":44}},"type":"cond-expr","locations":[{"start":{"line":12,"column":17},"end":{"line":12,"column":37}},{"start":{"line":12,"column":40},"end":{"line":12,"column":44}}],"line":12},"2":{"loc":{"start":{"line":13,"column":10},"end":{"line":13,"column":42}},"type":"cond-expr","locations":[{"start":{"line":13,"column":17},"end":{"line":13,"column":35}},{"start":{"line":13,"column":38},"end":{"line":13,"column":42}}],"line":13}},"s":{"0":6,"1":41,"2":41,"3":6,"4":6},"f":{"0":41},"b":{"0":[7,34],"1":[15,26],"2":[15,26]},"_coverageSchema":"332fd63041d2c1bcb487cc26dd0d5f7d97098a6c","hash":"77bef98a007480be117c2f7c67eac53f625269e0"}
,"/Users/pavel/Dropbox/Code/Projects/Travix/frontend-tech-test/client/src/components/UI/Input/Input.js": {"path":"/Users/pavel/Dropbox/Code/Projects/Travix/frontend-tech-test/client/src/components/UI/Input/Input.js","statementMap":{"0":{"start":{"line":13,"column":8},"end":{"line":13,"column":18}},"1":{"start":{"line":15,"column":18},"end":{"line":34,"column":5}},"2":{"start":{"line":36,"column":4},"end":{"line":36,"column":16}},"3":{"start":{"line":40,"column":0},"end":{"line":45,"column":1}},"4":{"start":{"line":47,"column":0},"end":{"line":52,"column":1}}},"fnMap":{"0":{"name":"(anonymous_0)","decl":{"start":{"line":7,"column":2},"end":{"line":7,"column":3}},"loc":{"start":{"line":7,"column":11},"end":{"line":37,"column":3}},"line":7}},"branchMap":{"0":{"loc":{"start":{"line":15,"column":18},"end":{"line":34,"column":5}},"type":"cond-expr","locations":[{"start":{"line":16,"column":6},"end":{"line":23,"column":8}},{"start":{"line":25,"column":6},"end":{"line":33,"column":8}}],"line":15}},"s":{"0":23,"1":23,"2":23,"3":6,"4":6},"f":{"0":23},"b":{"0":[11,12]},"_coverageSchema":"332fd63041d2c1bcb487cc26dd0d5f7d97098a6c","hash":"84f03138692f0a483e764e1aae0f0e4c3cd367b0"}
,"/Users/pavel/Dropbox/Code/Projects/Travix/frontend-tech-test/client/src/components/UI/ListItem/ListItem.js": {"path":"/Users/pavel/Dropbox/Code/Projects/Travix/frontend-tech-test/client/src/components/UI/ListItem/ListItem.js","statementMap":{"0":{"start":{"line":15,"column":28},"end":{"line":15,"column":38}},"1":{"start":{"line":16,"column":4},"end":{"line":19,"column":6}},"2":{"start":{"line":23,"column":25},"end":{"line":23,"column":35}},"3":{"start":{"line":24,"column":4},"end":{"line":26,"column":6}},"4":{"start":{"line":30,"column":39},"end":{"line":30,"column":49}},"5":{"start":{"line":31,"column":36},"end":{"line":31,"column":46}},"6":{"start":{"line":32,"column":4},"end":{"line":32,"column":47}},"7":{"start":{"line":36,"column":41},"end":{"line":36,"column":51}},"8":{"start":{"line":37,"column":4},"end":{"line":37,"column":28}},"9":{"start":{"line":41,"column":4},"end":{"line":41,"column":52}},"10":{"start":{"line":45,"column":4},"end":{"line":45,"column":51}},"11":{"start":{"line":49,"column":55},"end":{"line":49,"column":65}},"12":{"start":{"line":50,"column":46},"end":{"line":50,"column":56}},"13":{"start":{"line":52,"column":6},"end":{"line":55,"column":17}},"14":{"start":{"line":58,"column":15},"end":{"line":58,"column":63}},"15":{"start":{"line":60,"column":4},"end":{"line":74,"column":5}},"16":{"start":{"line":61,"column":6},"end":{"line":73,"column":7}},"17":{"start":{"line":75,"column":4},"end":{"line":107,"column":5}},"18":{"start":{"line":111,"column":0},"end":{"line":120,"column":1}},"19":{"start":{"line":122,"column":0},"end":{"line":131,"column":1}}},"fnMap":{"0":{"name":"(anonymous_0)","decl":{"start":{"line":14,"column":22},"end":{"line":14,"column":23}},"loc":{"start":{"line":14,"column":28},"end":{"line":20,"column":3}},"line":14},"1":{"name":"(anonymous_1)","decl":{"start":{"line":22,"column":29},"end":{"line":22,"column":30}},"loc":{"start":{"line":22,"column":35},"end":{"line":27,"column":3}},"line":22},"2":{"name":"(anonymous_2)","decl":{"start":{"line":29,"column":29},"end":{"line":29,"column":30}},"loc":{"start":{"line":29,"column":35},"end":{"line":33,"column":3}},"line":29},"3":{"name":"(anonymous_3)","decl":{"start":{"line":35,"column":31},"end":{"line":35,"column":32}},"loc":{"start":{"line":35,"column":37},"end":{"line":38,"column":3}},"line":35},"4":{"name":"(anonymous_4)","decl":{"start":{"line":40,"column":25},"end":{"line":40,"column":26}},"loc":{"start":{"line":40,"column":34},"end":{"line":42,"column":3}},"line":40},"5":{"name":"(anonymous_5)","decl":{"start":{"line":44,"column":24},"end":{"line":44,"column":25}},"loc":{"start":{"line":44,"column":33},"end":{"line":46,"column":3}},"line":44},"6":{"name":"(anonymous_6)","decl":{"start":{"line":48,"column":2},"end":{"line":48,"column":3}},"loc":{"start":{"line":48,"column":11},"end":{"line":108,"column":3}},"line":48}},"branchMap":{"0":{"loc":{"start":{"line":58,"column":15},"end":{"line":58,"column":63}},"type":"cond-expr","locations":[{"start":{"line":58,"column":28},"end":{"line":58,"column":56}},{"start":{"line":58,"column":59},"end":{"line":58,"column":63}}],"line":58},"1":{"loc":{"start":{"line":60,"column":4},"end":{"line":74,"column":5}},"type":"if","locations":[{"start":{"line":60,"column":4},"end":{"line":74,"column":5}},{"start":{"line":60,"column":4},"end":{"line":74,"column":5}}],"line":60},"2":{"loc":{"start":{"line":60,"column":8},"end":{"line":60,"column":28}},"type":"binary-expr","locations":[{"start":{"line":60,"column":8},"end":{"line":60,"column":16}},{"start":{"line":60,"column":20},"end":{"line":60,"column":28}}],"line":60},"3":{"loc":{"start":{"line":79,"column":21},"end":{"line":79,"column":66}},"type":"cond-expr","locations":[{"start":{"line":79,"column":32},"end":{"line":79,"column":52}},{"start":{"line":79,"column":55},"end":{"line":79,"column":66}}],"line":79},"4":{"loc":{"start":{"line":92,"column":22},"end":{"line":92,"column":43}},"type":"binary-expr","locations":[{"start":{"line":92,"column":22},"end":{"line":92,"column":31}},{"start":{"line":92,"column":35},"end":{"line":92,"column":43}}],"line":92},"5":{"loc":{"start":{"line":95,"column":21},"end":{"line":95,"column":48}},"type":"cond-expr","locations":[{"start":{"line":95,"column":33},"end":{"line":95,"column":39}},{"start":{"line":95,"column":42},"end":{"line":95,"column":48}}],"line":95},"6":{"loc":{"start":{"line":98,"column":14},"end":{"line":100,"column":47}},"type":"cond-expr","locations":[{"start":{"line":99,"column":18},"end":{"line":99,"column":47}},{"start":{"line":100,"column":18},"end":{"line":100,"column":47}}],"line":98},"7":{"loc":{"start":{"line":102,"column":22},"end":{"line":102,"column":70}},"type":"binary-expr","locations":[{"start":{"line":102,"column":22},"end":{"line":102,"column":31}},{"start":{"line":102,"column":35},"end":{"line":102,"column":51}},{"start":{"line":102,"column":55},"end":{"line":102,"column":70}}],"line":102}},"s":{"0":6,"1":6,"2":3,"3":3,"4":1,"5":1,"6":1,"7":0,"8":0,"9":0,"10":0,"11":15,"12":15,"13":15,"14":15,"15":15,"16":3,"17":15,"18":5,"19":5},"f":{"0":6,"1":3,"2":1,"3":0,"4":0,"5":0,"6":15},"b":{"0":[0,15],"1":[3,12],"2":[15,3],"3":[9,6],"4":[15,9],"5":[12,3],"6":[12,3],"7":[15,9,6]},"_coverageSchema":"332fd63041d2c1bcb487cc26dd0d5f7d97098a6c","hash":"1857755b5931626105bea5cee3a634707db97c1a"}
,"/Users/pavel/Dropbox/Code/Projects/Travix/frontend-tech-test/client/src/components/UI/Spinner/Spinner.js": {"path":"/Users/pavel/Dropbox/Code/Projects/Travix/frontend-tech-test/client/src/components/UI/Spinner/Spinner.js","statementMap":{"0":{"start":{"line":5,"column":16},"end":{"line":12,"column":1}},"1":{"start":{"line":6,"column":2},"end":{"line":11,"column":8}}},"fnMap":{"0":{"name":"(anonymous_0)","decl":{"start":{"line":5,"column":16},"end":{"line":5,"column":17}},"loc":{"start":{"line":6,"column":2},"end":{"line":11,"column":8}},"line":6}},"branchMap":{},"s":{"0":6,"1":2},"f":{"0":2},"b":{},"_coverageSchema":"332fd63041d2c1bcb487cc26dd0d5f7d97098a6c","hash":"98ce0b0ed963bed4ed076458bbfec2505b3f2fec"}
,"/Users/pavel/Dropbox/Code/Projects/Travix/frontend-tech-test/client/src/containers/FooterContainer/FooterContainer.js": {"path":"/Users/pavel/Dropbox/Code/Projects/Travix/frontend-tech-test/client/src/containers/FooterContainer/FooterContainer.js","statementMap":{"0":{"start":{"line":5,"column":24},"end":{"line":7,"column":2}},"1":{"start":{"line":5,"column":34},"end":{"line":7,"column":1}},"2":{"start":{"line":9,"column":27},"end":{"line":11,"column":2}},"3":{"start":{"line":9,"column":40},"end":{"line":11,"column":1}},"4":{"start":{"line":10,"column":19},"end":{"line":10,"column":50}}},"fnMap":{"0":{"name":"(anonymous_0)","decl":{"start":{"line":5,"column":24},"end":{"line":5,"column":25}},"loc":{"start":{"line":5,"column":34},"end":{"line":7,"column":1}},"line":5},"1":{"name":"(anonymous_1)","decl":{"start":{"line":9,"column":27},"end":{"line":9,"column":28}},"loc":{"start":{"line":9,"column":40},"end":{"line":11,"column":1}},"line":9},"2":{"name":"(anonymous_2)","decl":{"start":{"line":10,"column":11},"end":{"line":10,"column":12}},"loc":{"start":{"line":10,"column":19},"end":{"line":10,"column":50}},"line":10}},"branchMap":{},"s":{"0":2,"1":3,"2":2,"3":3,"4":0},"f":{"0":3,"1":3,"2":0},"b":{},"_coverageSchema":"332fd63041d2c1bcb487cc26dd0d5f7d97098a6c","hash":"3025cfa4d9bfe9b2dcda83f84e970d23d763719f"}
,"/Users/pavel/Dropbox/Code/Projects/Travix/frontend-tech-test/client/src/containers/LayoutContainer/LayoutContainer.js": {"path":"/Users/pavel/Dropbox/Code/Projects/Travix/frontend-tech-test/client/src/containers/LayoutContainer/LayoutContainer.js","statementMap":{"0":{"start":{"line":5,"column":24},"end":{"line":8,"column":1}},"1":{"start":{"line":6,"column":34},"end":{"line":6,"column":45}},"2":{"start":{"line":7,"column":2},"end":{"line":7,"column":32}},"3":{"start":{"line":10,"column":27},"end":{"line":12,"column":2}},"4":{"start":{"line":10,"column":40},"end":{"line":12,"column":1}},"5":{"start":{"line":11,"column":20},"end":{"line":11,"column":50}}},"fnMap":{"0":{"name":"(anonymous_0)","decl":{"start":{"line":5,"column":24},"end":{"line":5,"column":25}},"loc":{"start":{"line":5,"column":33},"end":{"line":8,"column":1}},"line":5},"1":{"name":"(anonymous_1)","decl":{"start":{"line":10,"column":27},"end":{"line":10,"column":28}},"loc":{"start":{"line":10,"column":40},"end":{"line":12,"column":1}},"line":10},"2":{"name":"(anonymous_2)","decl":{"start":{"line":11,"column":14},"end":{"line":11,"column":15}},"loc":{"start":{"line":11,"column":20},"end":{"line":11,"column":50}},"line":11}},"branchMap":{},"s":{"0":1,"1":0,"2":0,"3":1,"4":0,"5":0},"f":{"0":0,"1":0,"2":0},"b":{},"_coverageSchema":"332fd63041d2c1bcb487cc26dd0d5f7d97098a6c","hash":"e9006be7bfbed77f0f9f844605c8e4f637544687"}
,"/Users/pavel/Dropbox/Code/Projects/Travix/frontend-tech-test/client/src/containers/ListContainer/ListContainer.js": {"path":"/Users/pavel/Dropbox/Code/Projects/Travix/frontend-tech-test/client/src/containers/ListContainer/ListContainer.js","statementMap":{"0":{"start":{"line":5,"column":24},"end":{"line":7,"column":2}},"1":{"start":{"line":5,"column":34},"end":{"line":7,"column":1}},"2":{"start":{"line":9,"column":27},"end":{"line":13,"column":2}},"3":{"start":{"line":9,"column":40},"end":{"line":13,"column":1}},"4":{"start":{"line":10,"column":20},"end":{"line":10,"column":52}},"5":{"start":{"line":11,"column":20},"end":{"line":11,"column":52}},"6":{"start":{"line":12,"column":33},"end":{"line":12,"column":76}}},"fnMap":{"0":{"name":"(anonymous_0)","decl":{"start":{"line":5,"column":24},"end":{"line":5,"column":25}},"loc":{"start":{"line":5,"column":34},"end":{"line":7,"column":1}},"line":5},"1":{"name":"(anonymous_1)","decl":{"start":{"line":9,"column":27},"end":{"line":9,"column":28}},"loc":{"start":{"line":9,"column":40},"end":{"line":13,"column":1}},"line":9},"2":{"name":"(anonymous_2)","decl":{"start":{"line":10,"column":14},"end":{"line":10,"column":15}},"loc":{"start":{"line":10,"column":20},"end":{"line":10,"column":52}},"line":10},"3":{"name":"(anonymous_3)","decl":{"start":{"line":11,"column":14},"end":{"line":11,"column":15}},"loc":{"start":{"line":11,"column":20},"end":{"line":11,"column":52}},"line":11},"4":{"name":"(anonymous_4)","decl":{"start":{"line":12,"column":12},"end":{"line":12,"column":13}},"loc":{"start":{"line":12,"column":33},"end":{"line":12,"column":76}},"line":12}},"branchMap":{},"s":{"0":2,"1":3,"2":2,"3":3,"4":0,"5":0,"6":0},"f":{"0":3,"1":3,"2":0,"3":0,"4":0},"b":{},"_coverageSchema":"332fd63041d2c1bcb487cc26dd0d5f7d97098a6c","hash":"fcbbdb1eea7ffae6007b0c3644c633cdb5d5d613"}
}
