TN:
SF:/Users/vitormargis/Workit/open/travix-todo/src/index.js
FNF:0
FNH:0
DA:14,1
DA:16,1
LF:2
LH:2
BRDA:26,0,0,1
BRDA:26,0,1,1
BRF:2
BRH:2
end_of_record
TN:
SF:/Users/vitormargis/Workit/open/travix-todo/src/actions/Tasks.js
FN:9,(anonymous_0)
FN:17,(anonymous_1)
FN:25,(anonymous_2)
FN:33,(anonymous_3)
FN:41,(anonymous_4)
FNF:5
FNH:5
FNDA:1,(anonymous_0)
FNDA:1,(anonymous_1)
FNDA:1,(anonymous_2)
FNDA:1,(anonymous_3)
FNDA:1,(anonymous_4)
DA:3,10
DA:4,10
DA:5,10
DA:6,10
DA:7,10
DA:9,10
DA:10,1
DA:11,1
DA:17,10
DA:18,1
DA:19,1
DA:25,10
DA:26,1
DA:27,1
DA:33,10
DA:34,1
DA:35,1
DA:41,10
DA:42,1
DA:44,1
LF:20
LH:20
BRDA:10,0,0,1
BRDA:10,0,1,0
BRDA:18,1,0,1
BRDA:18,1,1,0
BRDA:26,2,0,1
BRDA:26,2,1,0
BRDA:34,3,0,1
BRDA:34,3,1,0
BRF:8
BRH:4
end_of_record
TN:
SF:/Users/vitormargis/Workit/open/travix-todo/src/components/modules/Loader.js
FN:3,Loader
FNF:1
FNH:1
FNDA:2,Loader
DA:4,2
LF:1
LH:1
BRF:0
BRH:0
end_of_record
TN:
SF:/Users/vitormargis/Workit/open/travix-todo/src/components/modules/TaskActive.js
FN:5,(anonymous_0)
FN:6,(anonymous_1)
FN:7,(anonymous_2)
FN:8,(anonymous_3)
FN:9,(anonymous_4)
FNF:5
FNH:5
FNDA:5,(anonymous_0)
FNDA:1,(anonymous_1)
FNDA:1,(anonymous_2)
FNDA:1,(anonymous_3)
FNDA:1,(anonymous_4)
DA:5,4
DA:6,5
DA:7,5
DA:8,5
DA:9,5
DA:10,5
DA:12,5
LF:7
LH:7
BRF:0
BRH:0
end_of_record
TN:
SF:/Users/vitormargis/Workit/open/travix-todo/src/components/modules/TaskCompleted.js
FN:4,(anonymous_0)
FN:5,(anonymous_1)
FN:6,(anonymous_2)
FNF:3
FNH:3
FNDA:3,(anonymous_0)
FNDA:1,(anonymous_1)
FNDA:1,(anonymous_2)
DA:4,4
DA:5,3
DA:6,3
DA:7,3
DA:9,3
LF:5
LH:5
BRF:0
BRH:0
end_of_record
TN:
SF:/Users/vitormargis/Workit/open/travix-todo/src/components/modules/TaskCreate.js
FN:3,(anonymous_0)
FN:4,(anonymous_1)
FNF:2
FNH:2
FNDA:5,(anonymous_0)
FNDA:1,(anonymous_1)
DA:3,4
DA:4,5
DA:5,5
DA:7,5
LF:4
LH:4
BRF:0
BRH:0
end_of_record
TN:
SF:/Users/vitormargis/Workit/open/travix-todo/src/components/modules/TaskList.js
FN:11,(anonymous_0)
FN:26,(anonymous_1)
FN:27,(anonymous_2)
FN:28,(anonymous_3)
FN:31,(anonymous_4)
FN:32,(anonymous_5)
FN:39,(anonymous_6)
FN:40,(anonymous_7)
FN:44,(anonymous_8)
FN:45,(anonymous_9)
FN:54,(anonymous_10)
FN:62,(anonymous_11)
FN:70,(anonymous_12)
FN:73,(anonymous_13)
FN:73,(anonymous_14)
FN:74,(anonymous_15)
FN:84,(anonymous_16)
FN:86,(anonymous_17)
FN:86,(anonymous_18)
FN:87,(anonymous_19)
FN:96,(anonymous_20)
FN:110,mapStateToProps
FN:114,mapDespatchToProps
FNF:23
FNH:20
FNDA:8,(anonymous_0)
FNDA:8,(anonymous_1)
FNDA:0,(anonymous_2)
FNDA:0,(anonymous_3)
FNDA:1,(anonymous_4)
FNDA:2,(anonymous_5)
FNDA:1,(anonymous_6)
FNDA:2,(anonymous_7)
FNDA:1,(anonymous_8)
FNDA:2,(anonymous_9)
FNDA:1,(anonymous_10)
FNDA:9,(anonymous_11)
FNDA:6,(anonymous_12)
FNDA:12,(anonymous_13)
FNDA:0,(anonymous_14)
FNDA:4,(anonymous_15)
FNDA:6,(anonymous_16)
FNDA:12,(anonymous_17)
FNDA:2,(anonymous_18)
FNDA:8,(anonymous_19)
FNDA:9,(anonymous_20)
FNDA:1,mapStateToProps
FNDA:1,mapDespatchToProps
DA:12,8
DA:14,8
DA:18,8
DA:19,8
DA:20,8
DA:21,8
DA:22,8
DA:23,8
DA:27,8
DA:28,8
DA:32,1
DA:33,2
DA:34,2
DA:36,1
DA:40,2
DA:41,1
DA:45,1
DA:46,2
DA:47,2
DA:50,1
DA:51,1
DA:55,1
DA:57,1
DA:58,1
DA:59,1
DA:63,9
DA:65,9
DA:66,7
DA:67,6
DA:71,6
DA:73,12
DA:74,6
DA:75,4
DA:85,6
DA:86,12
DA:87,6
DA:88,8
DA:97,9
DA:99,9
DA:111,1
DA:115,1
LF:41
LH:41
BRDA:33,0,0,1
BRDA:33,0,1,1
BRDA:46,1,0,1
BRDA:46,1,1,1
BRDA:50,2,0,0
BRDA:50,2,1,1
BRDA:55,3,0,0
BRDA:55,3,1,1
BRDA:55,4,0,1
BRDA:55,4,1,1
BRDA:65,5,0,2
BRDA:65,5,1,7
BRDA:66,6,0,1
BRDA:66,6,1,6
BRF:14
BRH:12
end_of_record
TN:
SF:/Users/vitormargis/Workit/open/travix-todo/src/components/structure/Header.js
FN:3,(anonymous_0)
FNF:1
FNH:1
FNDA:2,(anonymous_0)
DA:3,3
DA:4,2
LF:2
LH:2
BRF:0
BRH:0
end_of_record
TN:
SF:/Users/vitormargis/Workit/open/travix-todo/src/components/structure/Main.js
FN:5,(anonymous_0)
FNF:1
FNH:1
FNDA:2,(anonymous_0)
DA:6,2
LF:1
LH:1
BRF:0
BRH:0
end_of_record
TN:
SF:/Users/vitormargis/Workit/open/travix-todo/src/components/views/Home.js
FN:4,(anonymous_0)
FNF:1
FNH:1
FNDA:2,(anonymous_0)
DA:4,2
DA:5,2
LF:2
LH:2
BRF:0
BRH:0
end_of_record
TN:
SF:/Users/vitormargis/Workit/open/travix-todo/src/reducers/Tasks.js
FN:14,Tasks
FNF:1
FNH:1
FNDA:23,Tasks
DA:9,9
DA:15,23
DA:17,1
DA:19,1
DA:21,1
DA:23,1
DA:25,1
DA:27,18
LF:8
LH:8
BRDA:14,0,0,17
BRDA:15,1,0,1
BRDA:15,1,1,1
BRDA:15,1,2,1
BRDA:15,1,3,1
BRDA:15,1,4,1
BRDA:15,1,5,18
BRF:7
BRH:7
end_of_record
TN:
SF:/Users/vitormargis/Workit/open/travix-todo/src/reducers/index.js
FNF:0
FNH:0
DA:4,8
LF:1
LH:1
BRF:0
BRH:0
end_of_record
TN:
SF:/Users/vitormargis/Workit/open/travix-todo/src/utils/Fetch.js
FN:3,Fetch
FN:10,(anonymous_1)
FN:11,(anonymous_2)
FN:12,(anonymous_3)
FNF:4
FNH:4
FNDA:5,Fetch
FNDA:2,(anonymous_1)
FNDA:2,(anonymous_2)
FNDA:3,(anonymous_3)
DA:1,10
DA:4,5
DA:9,5
DA:10,2
DA:11,2
DA:12,3
LF:6
LH:6
BRDA:10,0,0,0
BRDA:10,0,1,2
BRDA:10,1,0,2
BRDA:10,1,1,2
BRF:4
BRH:3
end_of_record
