TN:
SF:/Users/pavel/Dropbox/Code/Projects/Travix/frontend-tech-test/client/src/components/App/App.js
FN:6,(anonymous_0)
FNF:1
FNH:1
FNDA:1,(anonymous_0)
DA:6,1
LF:1
LH:1
BRF:0
BRH:0
end_of_record
TN:
SF:/Users/pavel/Dropbox/Code/Projects/Travix/frontend-tech-test/client/src/components/Footer/Footer.js
FN:13,(anonymous_0)
FN:17,(anonymous_1)
FN:21,(anonymous_2)
FN:35,(anonymous_3)
FNF:4
FNH:1
FNDA:0,(anonymous_0)
FNDA:0,(anonymous_1)
FNDA:0,(anonymous_2)
FNDA:7,(anonymous_3)
DA:14,0
DA:18,0
DA:22,0
DA:23,0
DA:24,0
DA:28,0
DA:29,0
DA:36,7
DA:37,7
DA:63,3
DA:67,3
LF:11
LH:4
BRDA:55,0,0,7
BRDA:55,0,1,0
BRF:2
BRH:1
end_of_record
TN:
SF:/Users/pavel/Dropbox/Code/Projects/Travix/frontend-tech-test/client/src/components/Header/Header.js
FN:6,(anonymous_0)
FNF:1
FNH:1
FNDA:5,(anonymous_0)
DA:6,3
DA:7,5
DA:8,5
DA:18,3
LF:4
LH:4
BRF:0
BRH:0
end_of_record
TN:
SF:/Users/pavel/Dropbox/Code/Projects/Travix/frontend-tech-test/client/src/components/Layout/Layout.js
FN:15,(anonymous_0)
FN:20,(anonymous_1)
FN:27,(anonymous_2)
FNF:3
FNH:3
FNDA:3,(anonymous_0)
FNDA:3,(anonymous_1)
FNDA:3,(anonymous_2)
DA:16,3
DA:17,3
DA:21,3
DA:22,0
DA:24,3
DA:28,3
DA:29,3
DA:30,3
DA:40,2
DA:44,2
LF:10
LH:9
BRDA:21,0,0,0
BRDA:21,0,1,3
BRF:2
BRH:1
end_of_record
TN:
SF:/Users/pavel/Dropbox/Code/Projects/Travix/frontend-tech-test/client/src/components/List/List.js
FN:9,(anonymous_0)
FN:14,(anonymous_1)
FN:20,(anonymous_2)
FN:37,(anonymous_3)
FNF:4
FNH:2
FNDA:0,(anonymous_0)
FNDA:6,(anonymous_1)
FNDA:2,(anonymous_2)
FNDA:0,(anonymous_3)
DA:10,0
DA:11,0
DA:15,6
DA:16,6
DA:17,6
DA:18,2
DA:21,2
DA:37,0
DA:44,6
DA:45,3
DA:55,6
DA:59,3
DA:67,3
LF:13
LH:10
BRDA:17,0,0,2
BRDA:17,0,1,4
BRDA:17,1,0,6
BRDA:17,1,1,3
BRDA:44,2,0,3
BRDA:44,2,1,3
BRDA:44,3,0,6
BRDA:44,3,1,3
BRF:8
BRH:8
end_of_record
TN:
SF:/Users/pavel/Dropbox/Code/Projects/Travix/frontend-tech-test/client/src/components/UI/Button/Button.js
FN:6,(anonymous_0)
FNF:1
FNH:1
FNDA:41,(anonymous_0)
DA:6,6
DA:7,41
DA:8,41
DA:22,6
DA:30,6
LF:5
LH:5
BRDA:11,0,0,7
BRDA:11,0,1,34
BRDA:12,1,0,15
BRDA:12,1,1,26
BRDA:13,2,0,15
BRDA:13,2,1,26
BRF:6
BRH:6
end_of_record
TN:
SF:/Users/pavel/Dropbox/Code/Projects/Travix/frontend-tech-test/client/src/components/UI/Input/Input.js
FN:7,(anonymous_0)
FNF:1
FNH:1
FNDA:23,(anonymous_0)
DA:13,23
DA:15,23
DA:36,23
DA:40,6
DA:47,6
LF:5
LH:5
BRDA:15,0,0,11
BRDA:15,0,1,12
BRF:2
BRH:2
end_of_record
TN:
SF:/Users/pavel/Dropbox/Code/Projects/Travix/frontend-tech-test/client/src/components/UI/ListItem/ListItem.js
FN:14,(anonymous_0)
FN:22,(anonymous_1)
FN:29,(anonymous_2)
FN:35,(anonymous_3)
FN:40,(anonymous_4)
FN:44,(anonymous_5)
FN:48,(anonymous_6)
FNF:7
FNH:4
FNDA:6,(anonymous_0)
FNDA:3,(anonymous_1)
FNDA:1,(anonymous_2)
FNDA:0,(anonymous_3)
FNDA:0,(anonymous_4)
FNDA:0,(anonymous_5)
FNDA:15,(anonymous_6)
DA:15,6
DA:16,6
DA:23,3
DA:24,3
DA:30,1
DA:31,1
DA:32,1
DA:36,0
DA:37,0
DA:41,0
DA:45,0
DA:49,15
DA:50,15
DA:52,15
DA:58,15
DA:60,15
DA:61,3
DA:75,15
DA:111,5
DA:122,5
LF:20
LH:16
BRDA:58,0,0,0
BRDA:58,0,1,15
BRDA:60,1,0,3
BRDA:60,1,1,12
BRDA:60,2,0,15
BRDA:60,2,1,3
BRDA:79,3,0,9
BRDA:79,3,1,6
BRDA:92,4,0,15
BRDA:92,4,1,9
BRDA:95,5,0,12
BRDA:95,5,1,3
BRDA:98,6,0,12
BRDA:98,6,1,3
BRDA:102,7,0,15
BRDA:102,7,1,9
BRDA:102,7,2,6
BRF:17
BRH:16
end_of_record
TN:
SF:/Users/pavel/Dropbox/Code/Projects/Travix/frontend-tech-test/client/src/components/UI/Spinner/Spinner.js
FN:5,(anonymous_0)
FNF:1
FNH:1
FNDA:2,(anonymous_0)
DA:5,6
DA:6,2
LF:2
LH:2
BRF:0
BRH:0
end_of_record
TN:
SF:/Users/pavel/Dropbox/Code/Projects/Travix/frontend-tech-test/client/src/containers/FooterContainer/FooterContainer.js
FN:5,(anonymous_0)
FN:9,(anonymous_1)
FN:10,(anonymous_2)
FNF:3
FNH:2
FNDA:3,(anonymous_0)
FNDA:3,(anonymous_1)
FNDA:0,(anonymous_2)
DA:5,3
DA:9,3
DA:10,0
LF:3
LH:2
BRF:0
BRH:0
end_of_record
TN:
SF:/Users/pavel/Dropbox/Code/Projects/Travix/frontend-tech-test/client/src/containers/LayoutContainer/LayoutContainer.js
FN:5,(anonymous_0)
FN:10,(anonymous_1)
FN:11,(anonymous_2)
FNF:3
FNH:0
FNDA:0,(anonymous_0)
FNDA:0,(anonymous_1)
FNDA:0,(anonymous_2)
DA:5,1
DA:6,0
DA:7,0
DA:10,1
DA:11,0
LF:5
LH:2
BRF:0
BRH:0
end_of_record
TN:
SF:/Users/pavel/Dropbox/Code/Projects/Travix/frontend-tech-test/client/src/containers/ListContainer/ListContainer.js
FN:5,(anonymous_0)
FN:9,(anonymous_1)
FN:10,(anonymous_2)
FN:11,(anonymous_3)
FN:12,(anonymous_4)
FNF:5
FNH:2
FNDA:3,(anonymous_0)
FNDA:3,(anonymous_1)
FNDA:0,(anonymous_2)
FNDA:0,(anonymous_3)
FNDA:0,(anonymous_4)
DA:5,3
DA:9,3
DA:10,0
DA:11,0
DA:12,0
LF:5
LH:2
BRF:0
BRH:0
end_of_record
