<?xml version="1.0" encoding="UTF-8"?>
<coverage generated="1508622946007" clover="3.2.0">
  <project timestamp="1508622946008" name="All files">
    <metrics statements="4423" coveredstatements="3" conditionals="4677" coveredconditionals="3" methods="1218" coveredmethods="1" elements="10318" coveredelements="7" complexity="0" loc="4423" ncloc="4423" packages="13" files="45" classes="45">
      <package name="src">
        <metrics statements="29" coveredstatements="0" conditionals="29" coveredconditionals="0" methods="16" coveredmethods="0"/>
        <file name="index.js" path="D:\Codigos\frontend-tech-test\src\index.js">
          <metrics statements="9" coveredstatements="0" conditionals="4" coveredconditionals="0" methods="1" coveredmethods="0"/>
          <line num="1" count="0" type="stmt"/>
          <line num="2" count="0" type="stmt"/>
          <line num="3" count="0" type="stmt"/>
          <line num="4" count="0" type="stmt"/>
          <line num="5" count="0" type="stmt"/>
          <line num="6" count="0" type="stmt"/>
          <line num="7" count="0" type="cond" truecount="0" falsecount="4"/>
          <line num="9" count="0" type="stmt"/>
          <line num="13" count="0" type="stmt"/>
        </file>
        <file name="registerServiceWorker.js" path="D:\Codigos\frontend-tech-test\src\registerServiceWorker.js">
          <metrics statements="14" coveredstatements="0" conditionals="21" coveredconditionals="0" methods="14" coveredmethods="0"/>
          <line num="1" count="0" type="stmt"/>
          <line num="21" count="0" type="stmt"/>
          <line num="109" count="0" type="cond" truecount="0" falsecount="3"/>
          <line num="111" count="0" type="cond" truecount="0" falsecount="4"/>
          <line num="112" count="0" type="cond" truecount="0" falsecount="2"/>
          <line num="115" count="0" type="cond" truecount="0" falsecount="2"/>
          <line num="116" count="0" type="stmt"/>
          <line num="117" count="0" type="cond" truecount="0" falsecount="4"/>
          <line num="121" count="0" type="stmt"/>
          <line num="124" count="0" type="stmt"/>
          <line num="125" count="0" type="stmt"/>
          <line num="126" count="0" type="cond" truecount="0" falsecount="4"/>
          <line num="127" count="0" type="stmt"/>
          <line num="128" count="0" type="cond" truecount="0" falsecount="2"/>
        </file>
        <file name="store.js" path="D:\Codigos\frontend-tech-test\src\store.js">
          <metrics statements="6" coveredstatements="0" conditionals="4" coveredconditionals="0" methods="1" coveredmethods="0"/>
          <line num="1" count="0" type="stmt"/>
          <line num="2" count="0" type="stmt"/>
          <line num="3" count="0" type="stmt"/>
          <line num="4" count="0" type="stmt"/>
          <line num="5" count="0" type="cond" truecount="0" falsecount="4"/>
          <line num="7" count="0" type="stmt"/>
        </file>
      </package>
      <package name="src.actions">
        <metrics statements="10" coveredstatements="0" conditionals="4" coveredconditionals="0" methods="11" coveredmethods="0"/>
        <file name="toDoActions.js" path="D:\Codigos\frontend-tech-test\src\actions\toDoActions.js">
          <metrics statements="10" coveredstatements="0" conditionals="4" coveredconditionals="0" methods="11" coveredmethods="0"/>
          <line num="1" count="0" type="stmt"/>
          <line num="3" count="0" type="stmt"/>
          <line num="10" count="0" type="stmt"/>
          <line num="17" count="0" type="stmt"/>
          <line num="34" count="0" type="cond" truecount="0" falsecount="4"/>
          <line num="35" count="0" type="stmt"/>
          <line num="36" count="0" type="stmt"/>
          <line num="37" count="0" type="stmt"/>
          <line num="39" count="0" type="stmt"/>
          <line num="42" count="0" type="stmt"/>
        </file>
      </package>
      <package name="src.bootstrap.assets.javascripts">
        <metrics statements="1060" coveredstatements="0" conditionals="1519" coveredconditionals="0" methods="380" coveredmethods="0"/>
        <file name="bootstrap-sprockets.js" path="D:\Codigos\frontend-tech-test\src\bootstrap\assets\javascripts\bootstrap-sprockets.js">
          <metrics statements="0" coveredstatements="0" conditionals="0" coveredconditionals="0" methods="0" coveredmethods="0"/>
        </file>
        <file name="bootstrap.js" path="D:\Codigos\frontend-tech-test\src\bootstrap\assets\javascripts\bootstrap.js">
          <metrics statements="1058" coveredstatements="0" conditionals="769" coveredconditionals="0" methods="190" coveredmethods="0"/>
          <line num="7" count="0" type="cond" truecount="0" falsecount="2"/>
          <line num="8" count="0" type="stmt"/>
          <line num="11" count="0" type="stmt"/>
          <line num="13" count="0" type="stmt"/>
          <line num="14" count="0" type="cond" truecount="0" falsecount="8"/>
          <line num="15" count="0" type="stmt"/>
          <line num="28" count="0" type="stmt"/>
          <line num="35" count="0" type="stmt"/>
          <line num="37" count="0" type="stmt"/>
          <line num="44" count="0" type="stmt"/>
          <line num="45" count="0" type="cond" truecount="0" falsecount="2"/>
          <line num="46" count="0" type="stmt"/>
          <line num="50" count="0" type="stmt"/>
          <line num="54" count="0" type="stmt"/>
          <line num="55" count="0" type="stmt"/>
          <line num="56" count="0" type="stmt"/>
          <line num="57" count="0" type="stmt"/>
          <line num="58" count="0" type="cond" truecount="0" falsecount="2"/>
          <line num="59" count="0" type="stmt"/>
          <line num="60" count="0" type="stmt"/>
          <line num="63" count="0" type="stmt"/>
          <line num="64" count="0" type="stmt"/>
          <line num="66" count="0" type="cond" truecount="0" falsecount="2"/>
          <line num="68" count="0" type="stmt"/>
          <line num="72" count="0" type="cond" truecount="0" falsecount="2"/>
          <line num="88" count="0" type="stmt"/>
          <line num="94" count="0" type="stmt"/>
          <line num="95" count="0" type="stmt"/>
          <line num="96" count="0" type="stmt"/>
          <line num="99" count="0" type="stmt"/>
          <line num="101" count="0" type="stmt"/>
          <line num="103" count="0" type="stmt"/>
          <line num="104" count="0" type="stmt"/>
          <line num="105" count="0" type="stmt"/>
          <line num="107" count="0" type="cond" truecount="0" falsecount="2"/>
          <line num="108" count="0" type="stmt"/>
          <line num="109" count="0" type="cond" truecount="0" falsecount="2"/>
          <line num="112" count="0" type="cond" truecount="0" falsecount="2"/>
          <line num="114" count="0" type="cond" truecount="0" falsecount="2"/>
          <line num="116" count="0" type="cond" truecount="0" falsecount="2"/>
          <line num="117" count="0" type="stmt"/>
          <line num="120" count="0" type="stmt"/>
          <line num="122" count="0" type="cond" truecount="0" falsecount="2"/>
          <line num="124" count="0" type="stmt"/>
          <line num="128" count="0" type="stmt"/>
          <line num="131" count="0" type="cond" truecount="0" falsecount="4"/>
          <line num="143" count="0" type="stmt"/>
          <line num="144" count="0" type="stmt"/>
          <line num="145" count="0" type="stmt"/>
          <line num="147" count="0" type="cond" truecount="0" falsecount="2"/>
          <line num="148" count="0" type="cond" truecount="0" falsecount="2"/>
          <line num="152" count="0" type="stmt"/>
          <line num="154" count="0" type="stmt"/>
          <line num="155" count="0" type="stmt"/>
          <line num="161" count="0" type="stmt"/>
          <line num="162" count="0" type="stmt"/>
          <line num="163" count="0" type="stmt"/>
          <line num="170" count="0" type="stmt"/>
          <line num="183" count="0" type="stmt"/>
          <line num="189" count="0" type="stmt"/>
          <line num="190" count="0" type="stmt"/>
          <line num="191" count="0" type="stmt"/>
          <line num="192" count="0" type="stmt"/>
          <line num="195" count="0" type="stmt"/>
          <line num="197" count="0" type="stmt"/>
          <line num="201" count="0" type="stmt"/>
          <line num="202" count="0" type="stmt"/>
          <line num="203" count="0" type="stmt"/>
          <line num="204" count="0" type="cond" truecount="0" falsecount="2"/>
          <line num="205" count="0" type="stmt"/>
          <line num="207" count="0" type="stmt"/>
          <line num="209" count="0" type="cond" truecount="0" falsecount="2"/>
          <line num="212" count="0" type="stmt"/>
          <line num="213" count="0" type="cond" truecount="0" falsecount="2"/>
          <line num="215" count="0" type="cond" truecount="0" falsecount="2"/>
          <line num="216" count="0" type="stmt"/>
          <line num="217" count="0" type="stmt"/>
          <line num="218" count="0" type="cond" truecount="0" falsecount="2"/>
          <line num="219" count="0" type="stmt"/>
          <line num="220" count="0" type="stmt"/>
          <line num="225" count="0" type="stmt"/>
          <line num="226" count="0" type="stmt"/>
          <line num="227" count="0" type="stmt"/>
          <line num="229" count="0" type="cond" truecount="0" falsecount="2"/>
          <line num="230" count="0" type="stmt"/>
          <line num="231" count="0" type="cond" truecount="0" falsecount="2"/>
          <line num="232" count="0" type="cond" truecount="0" falsecount="2"/>
          <line num="233" count="0" type="stmt"/>
          <line num="234" count="0" type="stmt"/>
          <line num="235" count="0" type="cond" truecount="0" falsecount="2"/>
          <line num="236" count="0" type="cond" truecount="0" falsecount="2"/>
          <line num="237" count="0" type="stmt"/>
          <line num="239" count="0" type="stmt"/>
          <line num="240" count="0" type="cond" truecount="0" falsecount="2"/>
          <line num="242" count="0" type="stmt"/>
          <line num="243" count="0" type="stmt"/>
          <line num="252" count="0" type="stmt"/>
          <line num="253" count="0" type="stmt"/>
          <line num="254" count="0" type="stmt"/>
          <line num="255" count="0" type="cond" truecount="0" falsecount="2"/>
          <line num="257" count="0" type="cond" truecount="0" falsecount="2"/>
          <line num="259" count="0" type="cond" truecount="0" falsecount="2"/>
          <line num="260" count="0" type="cond" truecount="0" falsecount="2"/>
          <line num="264" count="0" type="stmt"/>
          <line num="266" count="0" type="stmt"/>
          <line num="267" count="0" type="stmt"/>
          <line num="273" count="0" type="stmt"/>
          <line num="274" count="0" type="stmt"/>
          <line num="275" count="0" type="stmt"/>
          <line num="282" count="0" type="stmt"/>
          <line num="284" count="0" type="stmt"/>
          <line num="285" count="0" type="stmt"/>
          <line num="286" count="0" type="cond" truecount="0" falsecount="2"/>
          <line num="288" count="0" type="stmt"/>
          <line num="290" count="0" type="cond" truecount="0" falsecount="2"/>
          <line num="291" count="0" type="stmt"/>
          <line num="295" count="0" type="stmt"/>
          <line num="309" count="0" type="stmt"/>
          <line num="315" count="0" type="stmt"/>
          <line num="316" count="0" type="stmt"/>
          <line num="317" count="0" type="stmt"/>
          <line num="318" count="0" type="stmt"/>
          <line num="319" count="0" type="stmt"/>
          <line num="320" count="0" type="stmt"/>
          <line num="321" count="0" type="stmt"/>
          <line num="322" count="0" type="stmt"/>
          <line num="323" count="0" type="stmt"/>
          <line num="325" count="0" type="cond" truecount="0" falsecount="2"/>
          <line num="327" count="0" type="cond" truecount="0" falsecount="3"/>
          <line num="332" count="0" type="stmt"/>
          <line num="334" count="0" type="stmt"/>
          <line num="336" count="0" type="stmt"/>
          <line num="343" count="0" type="stmt"/>
          <line num="344" count="0" type="cond" truecount="0" falsecount="2"/>
          <line num="345" count="0" type="cond" truecount="0" falsecount="3"/>
          <line num="346" count="0" type="stmt"/>
          <line num="347" count="0" type="stmt"/>
          <line num="348" count="0" type="stmt"/>
          <line num="351" count="0" type="stmt"/>
          <line num="354" count="0" type="stmt"/>
          <line num="355" count="0" type="cond" truecount="0" falsecount="2"/>
          <line num="357" count="0" type="cond" truecount="0" falsecount="2"/>
          <line num="359" count="0" type="cond" truecount="0" falsecount="3"/>
          <line num="363" count="0" type="stmt"/>
          <line num="366" count="0" type="stmt"/>
          <line num="367" count="0" type="stmt"/>
          <line num="368" count="0" type="cond" truecount="0" falsecount="2"/>
          <line num="371" count="0" type="stmt"/>
          <line num="372" count="0" type="stmt"/>
          <line num="373" count="0" type="cond" truecount="0" falsecount="4"/>
          <line num="375" count="0" type="cond" truecount="0" falsecount="4"/>
          <line num="376" count="0" type="cond" truecount="0" falsecount="2"/>
          <line num="377" count="0" type="stmt"/>
          <line num="378" count="0" type="stmt"/>
          <line num="381" count="0" type="stmt"/>
          <line num="382" count="0" type="stmt"/>
          <line num="383" count="0" type="stmt"/>
          <line num="385" count="0" type="cond" truecount="0" falsecount="4"/>
          <line num="387" count="0" type="cond" truecount="0" falsecount="2"/>
          <line num="388" count="0" type="cond" truecount="0" falsecount="2"/>
          <line num="390" count="0" type="cond" truecount="0" falsecount="2"/>
          <line num="393" count="0" type="stmt"/>
          <line num="394" count="0" type="cond" truecount="0" falsecount="2"/>
          <line num="396" count="0" type="cond" truecount="0" falsecount="4"/>
          <line num="397" count="0" type="stmt"/>
          <line num="398" count="0" type="stmt"/>
          <line num="401" count="0" type="stmt"/>
          <line num="403" count="0" type="stmt"/>
          <line num="406" count="0" type="stmt"/>
          <line num="407" count="0" type="cond" truecount="0" falsecount="2"/>
          <line num="408" count="0" type="stmt"/>
          <line num="411" count="0" type="stmt"/>
          <line num="412" count="0" type="cond" truecount="0" falsecount="2"/>
          <line num="413" count="0" type="stmt"/>
          <line num="416" count="0" type="stmt"/>
          <line num="417" count="0" type="stmt"/>
          <line num="418" count="0" type="cond" truecount="0" falsecount="2"/>
          <line num="419" count="0" type="stmt"/>
          <line num="420" count="0" type="cond" truecount="0" falsecount="2"/>
          <line num="421" count="0" type="stmt"/>
          <line num="423" count="0" type="cond" truecount="0" falsecount="2"/>
          <line num="425" count="0" type="stmt"/>
          <line num="426" count="0" type="stmt"/>
          <line num="430" count="0" type="stmt"/>
          <line num="431" count="0" type="cond" truecount="0" falsecount="2"/>
          <line num="433" count="0" type="stmt"/>
          <line num="435" count="0" type="cond" truecount="0" falsecount="2"/>
          <line num="437" count="0" type="cond" truecount="0" falsecount="2"/>
          <line num="438" count="0" type="stmt"/>
          <line num="439" count="0" type="stmt"/>
          <line num="440" count="0" type="cond" truecount="0" falsecount="2"/>
          <line num="443" count="0" type="stmt"/>
          <line num="444" count="0" type="cond" truecount="0" falsecount="4"/>
          <line num="445" count="0" type="stmt"/>
          <line num="446" count="0" type="stmt"/>
          <line num="447" count="0" type="stmt"/>
          <line num="448" count="0" type="stmt"/>
          <line num="449" count="0" type="stmt"/>
          <line num="451" count="0" type="stmt"/>
          <line num="452" count="0" type="stmt"/>
          <line num="453" count="0" type="stmt"/>
          <line num="454" count="0" type="stmt"/>
          <line num="455" count="0" type="stmt"/>
          <line num="460" count="0" type="stmt"/>
          <line num="461" count="0" type="stmt"/>
          <line num="462" count="0" type="stmt"/>
          <line num="463" count="0" type="stmt"/>
          <line num="466" count="0" type="cond" truecount="0" falsecount="2"/>
          <line num="468" count="0" type="stmt"/>
          <line num="476" count="0" type="stmt"/>
          <line num="477" count="0" type="stmt"/>
          <line num="478" count="0" type="stmt"/>
          <line num="479" count="0" type="cond" truecount="0" falsecount="2"/>
          <line num="480" count="0" type="cond" truecount="0" falsecount="2"/>
          <line num="482" count="0" type="cond" truecount="0" falsecount="2"/>
          <line num="483" count="0" type="cond" truecount="0" falsecount="2"/>
          <line num="484" count="0" type="cond" truecount="0" falsecount="2"/>
          <line num="485" count="0" type="cond" truecount="0" falsecount="2"/>
          <line num="489" count="0" type="stmt"/>
          <line num="491" count="0" type="stmt"/>
          <line num="492" count="0" type="stmt"/>
          <line num="498" count="0" type="stmt"/>
          <line num="499" count="0" type="stmt"/>
          <line num="500" count="0" type="stmt"/>
          <line num="507" count="0" type="stmt"/>
          <line num="509" count="0" type="stmt"/>
          <line num="510" count="0" type="cond" truecount="0" falsecount="3"/>
          <line num="511" count="0" type="cond" truecount="0" falsecount="2"/>
          <line num="512" count="0" type="stmt"/>
          <line num="513" count="0" type="stmt"/>
          <line num="514" count="0" type="cond" truecount="0" falsecount="2"/>
          <line num="516" count="0" type="stmt"/>
          <line num="518" count="0" type="cond" truecount="0" falsecount="2"/>
          <line num="519" count="0" type="stmt"/>
          <line num="522" count="0" type="stmt"/>
          <line num="525" count="0" type="stmt"/>
          <line num="529" count="0" type="stmt"/>
          <line num="530" count="0" type="stmt"/>
          <line num="531" count="0" type="stmt"/>
          <line num="532" count="0" type="stmt"/>
          <line num="548" count="0" type="stmt"/>
          <line num="554" count="0" type="stmt"/>
          <line num="555" count="0" type="stmt"/>
          <line num="556" count="0" type="stmt"/>
          <line num="557" count="0" type="stmt"/>
          <line num="559" count="0" type="stmt"/>
          <line num="561" count="0" type="cond" truecount="0" falsecount="2"/>
          <line num="562" count="0" type="stmt"/>
          <line num="564" count="0" type="stmt"/>
          <line num="567" count="0" type="cond" truecount="0" falsecount="2"/>
          <line num="570" count="0" type="stmt"/>
          <line num="572" count="0" type="stmt"/>
          <line num="574" count="0" type="stmt"/>
          <line num="578" count="0" type="stmt"/>
          <line num="579" count="0" type="stmt"/>
          <line num="580" count="0" type="cond" truecount="0" falsecount="2"/>
          <line num="583" count="0" type="stmt"/>
          <line num="584" count="0" type="cond" truecount="0" falsecount="4"/>
          <line num="587" count="0" type="cond" truecount="0" falsecount="2"/>
          <line num="589" count="0" type="cond" truecount="0" falsecount="4"/>
          <line num="590" count="0" type="stmt"/>
          <line num="591" count="0" type="cond" truecount="0" falsecount="4"/>
          <line num="594" count="0" type="stmt"/>
          <line num="595" count="0" type="stmt"/>
          <line num="596" count="0" type="cond" truecount="0" falsecount="2"/>
          <line num="598" count="0" type="cond" truecount="0" falsecount="4"/>
          <line num="599" count="0" type="stmt"/>
          <line num="600" count="0" type="cond" truecount="0" falsecount="2"/>
          <line num="603" count="0" type="stmt"/>
          <line num="605" count="0" type="stmt"/>
          <line num="610" count="0" type="stmt"/>
          <line num="614" count="0" type="stmt"/>
          <line num="616" count="0" type="stmt"/>
          <line num="617" count="0" type="stmt"/>
          <line num="620" count="0" type="stmt"/>
          <line num="621" count="0" type="stmt"/>
          <line num="625" count="0" type="cond" truecount="0" falsecount="2"/>
          <line num="627" count="0" type="stmt"/>
          <line num="629" count="0" type="stmt"/>
          <line num="634" count="0" type="stmt"/>
          <line num="635" count="0" type="cond" truecount="0" falsecount="4"/>
          <line num="637" count="0" type="stmt"/>
          <line num="638" count="0" type="stmt"/>
          <line num="639" count="0" type="cond" truecount="0" falsecount="2"/>
          <line num="641" count="0" type="stmt"/>
          <line num="643" count="0" type="stmt"/>
          <line num="645" count="0" type="stmt"/>
          <line num="650" count="0" type="stmt"/>
          <line num="654" count="0" type="stmt"/>
          <line num="656" count="0" type="stmt"/>
          <line num="657" count="0" type="stmt"/>
          <line num="658" count="0" type="stmt"/>
          <line num="664" count="0" type="cond" truecount="0" falsecount="2"/>
          <line num="666" count="0" type="stmt"/>
          <line num="672" count="0" type="stmt"/>
          <line num="673" count="0" type="cond" truecount="0" falsecount="2"/>
          <line num="676" count="0" type="stmt"/>
          <line num="677" count="0" type="stmt"/>
          <line num="680" count="0" type="stmt"/>
          <line num="681" count="0" type="stmt"/>
          <line num="686" count="0" type="stmt"/>
          <line num="687" count="0" type="stmt"/>
          <line num="689" count="0" type="stmt"/>
          <line num="690" count="0" type="stmt"/>
          <line num="697" count="0" type="cond" truecount="0" falsecount="3"/>
          <line num="700" count="0" type="stmt"/>
          <line num="708" count="0" type="stmt"/>
          <line num="709" count="0" type="stmt"/>
          <line num="710" count="0" type="stmt"/>
          <line num="711" count="0" type="cond" truecount="0" falsecount="2"/>
          <line num="713" count="0" type="cond" truecount="0" falsecount="5"/>
          <line num="714" count="0" type="cond" truecount="0" falsecount="2"/>
          <line num="715" count="0" type="cond" truecount="0" falsecount="2"/>
          <line num="719" count="0" type="stmt"/>
          <line num="721" count="0" type="stmt"/>
          <line num="722" count="0" type="stmt"/>
          <line num="728" count="0" type="stmt"/>
          <line num="729" count="0" type="stmt"/>
          <line num="730" count="0" type="stmt"/>
          <line num="737" count="0" type="stmt"/>
          <line num="738" count="0" type="stmt"/>
          <line num="740" count="0" type="cond" truecount="0" falsecount="2"/>
          <line num="742" count="0" type="stmt"/>
          <line num="743" count="0" type="stmt"/>
          <line num="744" count="0" type="cond" truecount="0" falsecount="2"/>
          <line num="746" count="0" type="stmt"/>
          <line num="760" count="0" type="stmt"/>
          <line num="766" count="0" type="stmt"/>
          <line num="767" count="0" type="stmt"/>
          <line num="768" count="0" type="stmt"/>
          <line num="769" count="0" type="stmt"/>
          <line num="772" count="0" type="stmt"/>
          <line num="775" count="0" type="stmt"/>
          <line num="777" count="0" type="cond" truecount="0" falsecount="2"/>
          <line num="778" count="0" type="stmt"/>
          <line num="779" count="0" type="cond" truecount="0" falsecount="3"/>
          <line num="782" count="0" type="cond" truecount="0" falsecount="2"/>
          <line num="784" count="0" type="cond" truecount="0" falsecount="4"/>
          <line num="788" count="0" type="cond" truecount="0" falsecount="4"/>
          <line num="789" count="0" type="stmt"/>
          <line num="790" count="0" type="stmt"/>
          <line num="791" count="0" type="stmt"/>
          <line num="792" count="0" type="stmt"/>
          <line num="793" count="0" type="stmt"/>
          <line num="795" count="0" type="cond" truecount="0" falsecount="2"/>
          <line num="797" count="0" type="cond" truecount="0" falsecount="6"/>
          <line num="799" count="0" type="stmt"/>
          <line num="801" count="0" type="cond" truecount="0" falsecount="2"/>
          <line num="803" count="0" type="stmt"/>
          <line num="804" count="0" type="stmt"/>
          <line num="808" count="0" type="stmt"/>
          <line num="809" count="0" type="stmt"/>
          <line num="811" count="0" type="cond" truecount="0" falsecount="2"/>
          <line num="813" count="0" type="stmt"/>
          <line num="814" count="0" type="stmt"/>
          <line num="816" count="0" type="stmt"/>
          <line num="818" count="0" type="cond" truecount="0" falsecount="2"/>
          <line num="819" count="0" type="cond" truecount="0" falsecount="4"/>
          <line num="821" count="0" type="stmt"/>
          <line num="827" count="0" type="stmt"/>
          <line num="828" count="0" type="stmt"/>
          <line num="830" count="0" type="cond" truecount="0" falsecount="2"/>
          <line num="832" count="0" type="stmt"/>
          <line num="836" count="0" type="stmt"/>
          <line num="841" count="0" type="stmt"/>
          <line num="844" count="0" type="stmt"/>
          <line num="845" count="0" type="cond" truecount="0" falsecount="4"/>
          <line num="847" count="0" type="stmt"/>
          <line num="849" count="0" type="stmt"/>
          <line num="850" count="0" type="stmt"/>
          <line num="852" count="0" type="cond" truecount="0" falsecount="2"/>
          <line num="854" count="0" type="stmt"/>
          <line num="855" count="0" type="stmt"/>
          <line num="857" count="0" type="cond" truecount="0" falsecount="6"/>
          <line num="858" count="0" type="cond" truecount="0" falsecount="2"/>
          <line num="859" count="0" type="stmt"/>
          <line num="862" count="0" type="stmt"/>
          <line num="863" count="0" type="stmt"/>
          <line num="865" count="0" type="cond" truecount="0" falsecount="2"/>
          <line num="867" count="0" type="stmt"/>
          <line num="869" count="0" type="cond" truecount="0" falsecount="4"/>
          <line num="870" count="0" type="cond" truecount="0" falsecount="4"/>
          <line num="871" count="0" type="cond" truecount="0" falsecount="2"/>
          <line num="873" count="0" type="stmt"/>
          <line num="881" count="0" type="stmt"/>
          <line num="882" count="0" type="stmt"/>
          <line num="883" count="0" type="stmt"/>
          <line num="885" count="0" type="cond" truecount="0" falsecount="2"/>
          <line num="886" count="0" type="cond" truecount="0" falsecount="2"/>
          <line num="890" count="0" type="stmt"/>
          <line num="892" count="0" type="stmt"/>
          <line num="893" count="0" type="stmt"/>
          <line num="899" count="0" type="stmt"/>
          <line num="900" count="0" type="stmt"/>
          <line num="901" count="0" type="stmt"/>
          <line num="908" count="0" type="stmt"/>
          <line num="910" count="0" type="stmt"/>
          <line num="926" count="0" type="stmt"/>
          <line num="932" count="0" type="stmt"/>
          <line num="933" count="0" type="stmt"/>
          <line num="934" count="0" type="stmt"/>
          <line num="935" count="0" type="stmt"/>
          <line num="936" count="0" type="stmt"/>
          <line num="937" count="0" type="stmt"/>
          <line num="938" count="0" type="stmt"/>
          <line num="939" count="0" type="stmt"/>
          <line num="940" count="0" type="stmt"/>
          <line num="941" count="0" type="stmt"/>
          <line num="943" count="0" type="cond" truecount="0" falsecount="2"/>
          <line num="944" count="0" type="stmt"/>
          <line num="947" count="0" type="stmt"/>
          <line num="952" count="0" type="stmt"/>
          <line num="954" count="0" type="stmt"/>
          <line num="955" count="0" type="stmt"/>
          <line num="957" count="0" type="stmt"/>
          <line num="963" count="0" type="stmt"/>
          <line num="964" count="0" type="cond" truecount="0" falsecount="2"/>
          <line num="967" count="0" type="stmt"/>
          <line num="968" count="0" type="stmt"/>
          <line num="969" count="0" type="stmt"/>
          <line num="971" count="0" type="stmt"/>
          <line num="973" count="0" type="cond" truecount="0" falsecount="4"/>
          <line num="975" count="0" type="stmt"/>
          <line num="977" count="0" type="stmt"/>
          <line num="978" count="0" type="stmt"/>
          <line num="979" count="0" type="stmt"/>
          <line num="981" count="0" type="stmt"/>
          <line num="982" count="0" type="stmt"/>
          <line num="984" count="0" type="stmt"/>
          <line num="986" count="0" type="stmt"/>
          <line num="987" count="0" type="stmt"/>
          <line num="988" count="0" type="cond" truecount="0" falsecount="2"/>
          <line num="992" count="0" type="stmt"/>
          <line num="993" count="0" type="cond" truecount="0" falsecount="2"/>
          <line num="995" count="0" type="cond" truecount="0" falsecount="2"/>
          <line num="996" count="0" type="stmt"/>
          <line num="999" count="0" type="stmt"/>
          <line num="1003" count="0" type="stmt"/>
          <line num="1005" count="0" type="cond" truecount="0" falsecount="2"/>
          <line num="1006" count="0" type="stmt"/>
          <line num="1009" count="0" type="stmt"/>
          <line num="1011" count="0" type="stmt"/>
          <line num="1013" count="0" type="stmt"/>
          <line num="1015" count="0" type="cond" truecount="0" falsecount="2"/>
          <line num="1018" count="0" type="stmt"/>
          <line num="1025" count="0" type="stmt"/>
          <line num="1026" count="0" type="cond" truecount="0" falsecount="2"/>
          <line num="1028" count="0" type="stmt"/>
          <line num="1030" count="0" type="stmt"/>
          <line num="1032" count="0" type="cond" truecount="0" falsecount="4"/>
          <line num="1034" count="0" type="stmt"/>
          <line num="1036" count="0" type="stmt"/>
          <line num="1037" count="0" type="stmt"/>
          <line num="1039" count="0" type="stmt"/>
          <line num="1041" count="0" type="stmt"/>
          <line num="1046" count="0" type="stmt"/>
          <line num="1048" count="0" type="cond" truecount="0" falsecount="4"/>
          <line num="1055" count="0" type="stmt"/>
          <line num="1056" count="0" type="stmt"/>
          <line num="1059" count="0" type="cond" truecount="0" falsecount="5"/>
          <line num="1062" count="0" type="stmt"/>
          <line num="1067" count="0" type="stmt"/>
          <line num="1068" count="0" type="cond" truecount="0" falsecount="4"/>
          <line num="1069" count="0" type="stmt"/>
          <line num="1070" count="0" type="cond" truecount="0" falsecount="2"/>
          <line num="1072" count="0" type="cond" truecount="0" falsecount="2"/>
          <line num="1073" count="0" type="stmt"/>
          <line num="1077" count="0" type="stmt"/>
          <line num="1078" count="0" type="cond" truecount="0" falsecount="2"/>
          <line num="1079" count="0" type="stmt"/>
          <line num="1081" count="0" type="stmt"/>
          <line num="1085" count="0" type="stmt"/>
          <line num="1086" count="0" type="stmt"/>
          <line num="1087" count="0" type="stmt"/>
          <line num="1088" count="0" type="stmt"/>
          <line num="1089" count="0" type="stmt"/>
          <line num="1090" count="0" type="stmt"/>
          <line num="1091" count="0" type="stmt"/>
          <line num="1092" count="0" type="stmt"/>
          <line num="1096" count="0" type="stmt"/>
          <line num="1097" count="0" type="cond" truecount="0" falsecount="2"/>
          <line num="1098" count="0" type="stmt"/>
          <line num="1101" count="0" type="stmt"/>
          <line num="1102" count="0" type="stmt"/>
          <line num="1103" count="0" type="cond" truecount="0" falsecount="2"/>
          <line num="1105" count="0" type="cond" truecount="0" falsecount="4"/>
          <line num="1106" count="0" type="cond" truecount="0" falsecount="2"/>
          <line num="1108" count="0" type="stmt"/>
          <line num="1112" count="0" type="stmt"/>
          <line num="1113" count="0" type="cond" truecount="0" falsecount="2"/>
          <line num="1114" count="0" type="stmt"/>
          <line num="1115" count="0" type="stmt"/>
          <line num="1117" count="0" type="cond" truecount="0" falsecount="2"/>
          <line num="1118" count="0" type="cond" truecount="0" falsecount="2"/>
          <line num="1123" count="0" type="cond" truecount="0" falsecount="2"/>
          <line num="1125" count="0" type="stmt"/>
          <line num="1127" count="0" type="cond" truecount="0" falsecount="2"/>
          <line num="1129" count="0" type="cond" truecount="0" falsecount="2"/>
          <line num="1135" count="0" type="cond" truecount="0" falsecount="4"/>
          <line num="1136" count="0" type="stmt"/>
          <line num="1138" count="0" type="stmt"/>
          <line num="1139" count="0" type="stmt"/>
          <line num="1140" count="0" type="cond" truecount="0" falsecount="2"/>
          <line num="1142" count="0" type="cond" truecount="0" falsecount="4"/>
          <line num="1148" count="0" type="cond" truecount="0" falsecount="2"/>
          <line num="1149" count="0" type="stmt"/>
          <line num="1155" count="0" type="stmt"/>
          <line num="1156" count="0" type="stmt"/>
          <line num="1159" count="0" type="stmt"/>
          <line num="1160" count="0" type="stmt"/>
          <line num="1162" count="0" type="stmt"/>
          <line num="1168" count="0" type="stmt"/>
          <line num="1169" count="0" type="stmt"/>
          <line num="1175" count="0" type="stmt"/>
          <line num="1176" count="0" type="stmt"/>
          <line num="1177" count="0" type="cond" truecount="0" falsecount="2"/>
          <line num="1178" count="0" type="stmt"/>
          <line num="1179" count="0" type="stmt"/>
          <line num="1181" count="0" type="stmt"/>
          <line num="1182" count="0" type="stmt"/>
          <line num="1185" count="0" type="stmt"/>
          <line num="1186" count="0" type="cond" truecount="0" falsecount="2"/>
          <line num="1187" count="0" type="cond" truecount="0" falsecount="2"/>
          <line num="1188" count="0" type="cond" truecount="0" falsecount="2"/>
          <line num="1191" count="0" type="stmt"/>
          <line num="1192" count="0" type="stmt"/>
          <line num="1195" count="0" type="stmt"/>
          <line num="1196" count="0" type="stmt"/>
          <line num="1197" count="0" type="stmt"/>
          <line num="1198" count="0" type="stmt"/>
          <line num="1199" count="0" type="stmt"/>
          <line num="1200" count="0" type="stmt"/>
          <line num="1201" count="0" type="stmt"/>
          <line num="1209" count="0" type="stmt"/>
          <line num="1210" count="0" type="stmt"/>
          <line num="1211" count="0" type="stmt"/>
          <line num="1212" count="0" type="cond" truecount="0" falsecount="2"/>
          <line num="1214" count="0" type="cond" truecount="0" falsecount="2"/>
          <line num="1215" count="0" type="cond" truecount="0" falsecount="2"/>
          <line num="1216" count="0" type="cond" truecount="0" falsecount="2"/>
          <line num="1220" count="0" type="stmt"/>
          <line num="1222" count="0" type="stmt"/>
          <line num="1223" count="0" type="stmt"/>
          <line num="1229" count="0" type="stmt"/>
          <line num="1230" count="0" type="stmt"/>
          <line num="1231" count="0" type="stmt"/>
          <line num="1238" count="0" type="stmt"/>
          <line num="1239" count="0" type="stmt"/>
          <line num="1240" count="0" type="stmt"/>
          <line num="1241" count="0" type="cond" truecount="0" falsecount="3"/>
          <line num="1242" count="0" type="cond" truecount="0" falsecount="4"/>
          <line num="1244" count="0" type="cond" truecount="0" falsecount="2"/>
          <line num="1246" count="0" type="stmt"/>
          <line num="1247" count="0" type="cond" truecount="0" falsecount="2"/>
          <line num="1248" count="0" type="stmt"/>
          <line num="1249" count="0" type="cond" truecount="0" falsecount="2"/>
          <line num="1252" count="0" type="stmt"/>
          <line num="1267" count="0" type="stmt"/>
          <line num="1273" count="0" type="stmt"/>
          <line num="1274" count="0" type="stmt"/>
          <line num="1275" count="0" type="stmt"/>
          <line num="1276" count="0" type="stmt"/>
          <line num="1277" count="0" type="stmt"/>
          <line num="1278" count="0" type="stmt"/>
          <line num="1279" count="0" type="stmt"/>
          <line num="1280" count="0" type="stmt"/>
          <line num="1282" count="0" type="stmt"/>
          <line num="1285" count="0" type="stmt"/>
          <line num="1287" count="0" type="stmt"/>
          <line num="1289" count="0" type="stmt"/>
          <line num="1305" count="0" type="stmt"/>
          <line num="1306" count="0" type="stmt"/>
          <line num="1307" count="0" type="stmt"/>
          <line num="1308" count="0" type="stmt"/>
          <line num="1309" count="0" type="stmt"/>
          <line num="1310" count="0" type="cond" truecount="0" falsecount="6"/>
          <line num="1311" count="0" type="stmt"/>
          <line num="1313" count="0" type="cond" truecount="0" falsecount="4"/>
          <line num="1314" count="0" type="stmt"/>
          <line num="1317" count="0" type="stmt"/>
          <line num="1319" count="0" type="stmt"/>
          <line num="1320" count="0" type="stmt"/>
          <line num="1322" count="0" type="cond" truecount="0" falsecount="2"/>
          <line num="1323" count="0" type="stmt"/>
          <line num="1324" count="0" type="cond" truecount="0" falsecount="2"/>
          <line num="1325" count="0" type="cond" truecount="0" falsecount="2"/>
          <line num="1326" count="0" type="cond" truecount="0" falsecount="2"/>
          <line num="1328" count="0" type="stmt"/>
          <line num="1329" count="0" type="stmt"/>
          <line num="1333" count="0" type="cond" truecount="0" falsecount="2"/>
          <line num="1338" count="0" type="stmt"/>
          <line num="1339" count="0" type="stmt"/>
          <line num="1342" count="0" type="stmt"/>
          <line num="1343" count="0" type="stmt"/>
          <line num="1345" count="0" type="cond" truecount="0" falsecount="4"/>
          <line num="1346" count="0" type="stmt"/>
          <line num="1352" count="0" type="stmt"/>
          <line num="1355" count="0" type="stmt"/>
          <line num="1356" count="0" type="stmt"/>
          <line num="1357" count="0" type="stmt"/>
          <line num="1359" count="0" type="cond" truecount="0" falsecount="2"/>
          <line num="1360" count="0" type="cond" truecount="0" falsecount="2"/>
          <line num="1363" count="0" type="stmt"/>
          <line num="1366" count="0" type="stmt"/>
          <line num="1367" count="0" type="cond" truecount="0" falsecount="2"/>
          <line num="1370" count="0" type="cond" truecount="0" falsecount="2"/>
          <line num="1371" count="0" type="stmt"/>
          <line num="1372" count="0" type="stmt"/>
          <line num="1375" count="0" type="cond" truecount="0" falsecount="2"/>
          <line num="1376" count="0" type="cond" truecount="0" falsecount="2"/>
          <line num="1379" count="0" type="cond" truecount="0" falsecount="4"/>
          <line num="1380" count="0" type="stmt"/>
          <line num="1381" count="0" type="stmt"/>
          <line num="1384" count="0" type="stmt"/>
          <line num="1386" count="0" type="stmt"/>
          <line num="1388" count="0" type="cond" truecount="0" falsecount="4"/>
          <line num="1390" count="0" type="stmt"/>
          <line num="1391" count="0" type="cond" truecount="0" falsecount="2"/>
          <line num="1395" count="0" type="stmt"/>
          <line num="1396" count="0" type="stmt"/>
          <line num="1397" count="0" type="cond" truecount="0" falsecount="2"/>
          <line num="1400" count="0" type="stmt"/>
          <line num="1403" count="0" type="stmt"/>
          <line num="1404" count="0" type="cond" truecount="0" falsecount="2"/>
          <line num="1407" count="0" type="cond" truecount="0" falsecount="2"/>
          <line num="1408" count="0" type="stmt"/>
          <line num="1409" count="0" type="stmt"/>
          <line num="1412" count="0" type="cond" truecount="0" falsecount="2"/>
          <line num="1413" count="0" type="cond" truecount="0" falsecount="2"/>
          <line num="1416" count="0" type="cond" truecount="0" falsecount="2"/>
          <line num="1418" count="0" type="stmt"/>
          <line num="1420" count="0" type="stmt"/>
          <line num="1422" count="0" type="cond" truecount="0" falsecount="4"/>
          <line num="1424" count="0" type="stmt"/>
          <line num="1425" count="0" type="cond" truecount="0" falsecount="2"/>
          <line num="1429" count="0" type="stmt"/>
          <line num="1430" count="0" type="stmt"/>
          <line num="1432" count="0" type="cond" truecount="0" falsecount="4"/>
          <line num="1433" count="0" type="stmt"/>
          <line num="1435" count="0" type="stmt"/>
          <line num="1436" count="0" type="cond" truecount="0" falsecount="4"/>
          <line num="1437" count="0" type="stmt"/>
          <line num="1439" count="0" type="stmt"/>
          <line num="1441" count="0" type="stmt"/>
          <line num="1443" count="0" type="stmt"/>
          <line num="1444" count="0" type="stmt"/>
          <line num="1445" count="0" type="stmt"/>
          <line num="1447" count="0" type="cond" truecount="0" falsecount="2"/>
          <line num="1449" count="0" type="cond" truecount="0" falsecount="2"/>
          <line num="1453" count="0" type="stmt"/>
          <line num="1454" count="0" type="stmt"/>
          <line num="1455" count="0" type="cond" truecount="0" falsecount="4"/>
          <line num="1457" count="0" type="stmt"/>
          <line num="1463" count="0" type="cond" truecount="0" falsecount="2"/>
          <line num="1464" count="0" type="stmt"/>
          <line num="1466" count="0" type="stmt"/>
          <line num="1467" count="0" type="stmt"/>
          <line num="1468" count="0" type="stmt"/>
          <line num="1470" count="0" type="cond" truecount="0" falsecount="2"/>
          <line num="1471" count="0" type="stmt"/>
          <line num="1472" count="0" type="stmt"/>
          <line num="1474" count="0" type="cond" truecount="0" falsecount="4"/>
          <line num="1480" count="0" type="stmt"/>
          <line num="1485" count="0" type="stmt"/>
          <line num="1487" count="0" type="stmt"/>
          <line num="1489" count="0" type="stmt"/>
          <line num="1490" count="0" type="stmt"/>
          <line num="1491" count="0" type="stmt"/>
          <line num="1492" count="0" type="stmt"/>
          <line num="1494" count="0" type="cond" truecount="0" falsecount="2"/>
          <line num="1497" count="0" type="cond" truecount="0" falsecount="4"/>
          <line num="1505" count="0" type="stmt"/>
          <line num="1506" count="0" type="stmt"/>
          <line num="1507" count="0" type="stmt"/>
          <line num="1508" count="0" type="stmt"/>
          <line num="1511" count="0" type="stmt"/>
          <line num="1512" count="0" type="stmt"/>
          <line num="1515" count="0" type="cond" truecount="0" falsecount="2"/>
          <line num="1516" count="0" type="cond" truecount="0" falsecount="2"/>
          <line num="1518" count="0" type="stmt"/>
          <line num="1519" count="0" type="stmt"/>
          <line num="1523" count="0" type="stmt"/>
          <line num="1525" count="0" type="stmt"/>
          <line num="1532" count="0" type="stmt"/>
          <line num="1535" count="0" type="stmt"/>
          <line num="1536" count="0" type="stmt"/>
          <line num="1538" count="0" type="cond" truecount="0" falsecount="4"/>
          <line num="1539" count="0" type="stmt"/>
          <line num="1542" count="0" type="stmt"/>
          <line num="1544" count="0" type="cond" truecount="0" falsecount="2"/>
          <line num="1545" count="0" type="stmt"/>
          <line num="1547" count="0" type="stmt"/>
          <line num="1548" count="0" type="cond" truecount="0" falsecount="2"/>
          <line num="1549" count="0" type="cond" truecount="0" falsecount="2"/>
          <line num="1551" count="0" type="stmt"/>
          <line num="1552" count="0" type="stmt"/>
          <line num="1555" count="0" type="stmt"/>
          <line num="1556" count="0" type="stmt"/>
          <line num="1561" count="0" type="stmt"/>
          <line num="1562" count="0" type="stmt"/>
          <line num="1563" count="0" type="stmt"/>
          <line num="1565" count="0" type="cond" truecount="0" falsecount="2"/>
          <line num="1566" count="0" type="stmt"/>
          <line num="1569" count="0" type="stmt"/>
          <line num="1570" count="0" type="stmt"/>
          <line num="1571" count="0" type="stmt"/>
          <line num="1572" count="0" type="stmt"/>
          <line num="1575" count="0" type="cond" truecount="0" falsecount="2"/>
          <line num="1576" count="0" type="cond" truecount="0" falsecount="2"/>
          <line num="1577" count="0" type="stmt"/>
          <line num="1581" count="0" type="cond" truecount="0" falsecount="2"/>
          <line num="1584" count="0" type="stmt"/>
          <line num="1586" count="0" type="cond" truecount="0" falsecount="2"/>
          <line num="1588" count="0" type="stmt"/>
          <line num="1590" count="0" type="cond" truecount="0" falsecount="4"/>
          <line num="1596" count="0" type="stmt"/>
          <line num="1598" count="0" type="stmt"/>
          <line num="1601" count="0" type="stmt"/>
          <line num="1602" count="0" type="stmt"/>
          <line num="1603" count="0" type="cond" truecount="0" falsecount="4"/>
          <line num="1604" count="0" type="cond" truecount="0" falsecount="2"/>
          <line num="1608" count="0" type="stmt"/>
          <line num="1609" count="0" type="stmt"/>
          <line num="1612" count="0" type="stmt"/>
          <line num="1613" count="0" type="cond" truecount="0" falsecount="2"/>
          <line num="1615" count="0" type="stmt"/>
          <line num="1616" count="0" type="stmt"/>
          <line num="1618" count="0" type="stmt"/>
          <line num="1619" count="0" type="cond" truecount="0" falsecount="2"/>
          <line num="1621" count="0" type="stmt"/>
          <line num="1623" count="0" type="cond" truecount="0" falsecount="2"/>
          <line num="1626" count="0" type="cond" truecount="0" falsecount="4"/>
          <line num="1627" count="0" type="cond" truecount="0" falsecount="4"/>
          <line num="1628" count="0" type="cond" truecount="0" falsecount="2"/>
          <line num="1630" count="0" type="stmt"/>
          <line num="1633" count="0" type="stmt"/>
          <line num="1634" count="0" type="cond" truecount="0" falsecount="2"/>
          <line num="1641" count="0" type="stmt"/>
          <line num="1642" count="0" type="stmt"/>
          <line num="1643" count="0" type="cond" truecount="0" falsecount="2"/>
          <line num="1645" count="0" type="cond" truecount="0" falsecount="3"/>
          <line num="1646" count="0" type="stmt"/>
          <line num="1648" count="0" type="cond" truecount="0" falsecount="2"/>
          <line num="1649" count="0" type="stmt"/>
          <line num="1650" count="0" type="stmt"/>
          <line num="1651" count="0" type="cond" truecount="0" falsecount="2"/>
          <line num="1652" count="0" type="stmt"/>
          <line num="1653" count="0" type="cond" truecount="0" falsecount="2"/>
          <line num="1654" count="0" type="stmt"/>
          <line num="1657" count="0" type="stmt"/>
          <line num="1658" count="0" type="stmt"/>
          <line num="1659" count="0" type="cond" truecount="0" falsecount="2"/>
          <line num="1660" count="0" type="stmt"/>
          <line num="1661" count="0" type="cond" truecount="0" falsecount="2"/>
          <line num="1662" count="0" type="stmt"/>
          <line num="1666" count="0" type="stmt"/>
          <line num="1669" count="0" type="stmt"/>
          <line num="1671" count="0" type="stmt"/>
          <line num="1672" count="0" type="stmt"/>
          <line num="1674" count="0" type="cond" truecount="0" falsecount="2"/>
          <line num="1677" count="0" type="stmt"/>
          <line num="1680" count="0" type="stmt"/>
          <line num="1681" count="0" type="stmt"/>
          <line num="1683" count="0" type="stmt"/>
          <line num="1686" count="0" type="stmt"/>
          <line num="1687" count="0" type="cond" truecount="0" falsecount="2"/>
          <line num="1688" count="0" type="stmt"/>
          <line num="1689" count="0" type="cond" truecount="0" falsecount="2"/>
          <line num="1690" count="0" type="stmt"/>
          <line num="1693" count="0" type="stmt"/>
          <line num="1696" count="0" type="stmt"/>
          <line num="1697" count="0" type="cond" truecount="0" falsecount="2"/>
          <line num="1700" count="0" type="stmt"/>
          <line num="1701" count="0" type="stmt"/>
          <line num="1704" count="0" type="stmt"/>
          <line num="1705" count="0" type="stmt"/>
          <line num="1708" count="0" type="stmt"/>
          <line num="1709" count="0" type="stmt"/>
          <line num="1712" count="0" type="stmt"/>
          <line num="1713" count="0" type="stmt"/>
          <line num="1714" count="0" type="cond" truecount="0" falsecount="2"/>
          <line num="1715" count="0" type="stmt"/>
          <line num="1716" count="0" type="cond" truecount="0" falsecount="2"/>
          <line num="1717" count="0" type="stmt"/>
          <line num="1718" count="0" type="stmt"/>
          <line num="1722" count="0" type="cond" truecount="0" falsecount="2"/>
          <line num="1723" count="0" type="stmt"/>
          <line num="1724" count="0" type="cond" truecount="0" falsecount="2"/>
          <line num="1725" count="0" type="stmt"/>
          <line num="1727" count="0" type="cond" truecount="0" falsecount="2"/>
          <line num="1731" count="0" type="stmt"/>
          <line num="1732" count="0" type="stmt"/>
          <line num="1733" count="0" type="stmt"/>
          <line num="1734" count="0" type="stmt"/>
          <line num="1735" count="0" type="stmt"/>
          <line num="1736" count="0" type="cond" truecount="0" falsecount="2"/>
          <line num="1737" count="0" type="stmt"/>
          <line num="1739" count="0" type="stmt"/>
          <line num="1740" count="0" type="stmt"/>
          <line num="1741" count="0" type="stmt"/>
          <line num="1742" count="0" type="stmt"/>
          <line num="1751" count="0" type="stmt"/>
          <line num="1752" count="0" type="stmt"/>
          <line num="1753" count="0" type="stmt"/>
          <line num="1754" count="0" type="cond" truecount="0" falsecount="2"/>
          <line num="1756" count="0" type="cond" truecount="0" falsecount="4"/>
          <line num="1757" count="0" type="cond" truecount="0" falsecount="2"/>
          <line num="1758" count="0" type="cond" truecount="0" falsecount="2"/>
          <line num="1762" count="0" type="stmt"/>
          <line num="1764" count="0" type="stmt"/>
          <line num="1765" count="0" type="stmt"/>
          <line num="1771" count="0" type="stmt"/>
          <line num="1772" count="0" type="stmt"/>
          <line num="1773" count="0" type="stmt"/>
          <line num="1787" count="0" type="stmt"/>
          <line num="1793" count="0" type="stmt"/>
          <line num="1794" count="0" type="stmt"/>
          <line num="1797" count="0" type="cond" truecount="0" falsecount="2"/>
          <line num="1799" count="0" type="stmt"/>
          <line num="1801" count="0" type="stmt"/>
          <line num="1812" count="0" type="stmt"/>
          <line num="1814" count="0" type="stmt"/>
          <line num="1816" count="0" type="stmt"/>
          <line num="1817" count="0" type="stmt"/>
          <line num="1820" count="0" type="stmt"/>
          <line num="1821" count="0" type="stmt"/>
          <line num="1822" count="0" type="stmt"/>
          <line num="1823" count="0" type="stmt"/>
          <line num="1825" count="0" type="cond" truecount="0" falsecount="2"/>
          <line num="1826" count="0" type="stmt"/>
          <line num="1830" count="0" type="stmt"/>
          <line num="1834" count="0" type="cond" truecount="0" falsecount="2"/>
          <line num="1837" count="0" type="stmt"/>
          <line num="1838" count="0" type="cond" truecount="0" falsecount="2"/>
          <line num="1841" count="0" type="stmt"/>
          <line num="1842" count="0" type="stmt"/>
          <line num="1843" count="0" type="stmt"/>
          <line num="1845" count="0" type="cond" truecount="0" falsecount="2"/>
          <line num="1851" count="0" type="stmt"/>
          <line num="1852" count="0" type="cond" truecount="0" falsecount="2"/>
          <line num="1860" count="0" type="stmt"/>
          <line num="1861" count="0" type="stmt"/>
          <line num="1862" count="0" type="stmt"/>
          <line num="1863" count="0" type="cond" truecount="0" falsecount="2"/>
          <line num="1865" count="0" type="cond" truecount="0" falsecount="4"/>
          <line num="1866" count="0" type="cond" truecount="0" falsecount="2"/>
          <line num="1867" count="0" type="cond" truecount="0" falsecount="2"/>
          <line num="1871" count="0" type="stmt"/>
          <line num="1873" count="0" type="stmt"/>
          <line num="1874" count="0" type="stmt"/>
          <line num="1880" count="0" type="stmt"/>
          <line num="1881" count="0" type="stmt"/>
          <line num="1882" count="0" type="stmt"/>
          <line num="1896" count="0" type="stmt"/>
          <line num="1903" count="0" type="stmt"/>
          <line num="1904" count="0" type="cond" truecount="0" falsecount="2"/>
          <line num="1905" count="0" type="stmt"/>
          <line num="1906" count="0" type="cond" truecount="0" falsecount="2"/>
          <line num="1907" count="0" type="stmt"/>
          <line num="1908" count="0" type="stmt"/>
          <line num="1909" count="0" type="stmt"/>
          <line num="1910" count="0" type="stmt"/>
          <line num="1912" count="0" type="stmt"/>
          <line num="1913" count="0" type="stmt"/>
          <line num="1914" count="0" type="stmt"/>
          <line num="1917" count="0" type="stmt"/>
          <line num="1919" count="0" type="stmt"/>
          <line num="1923" count="0" type="stmt"/>
          <line num="1924" count="0" type="cond" truecount="0" falsecount="2"/>
          <line num="1927" count="0" type="stmt"/>
          <line num="1928" count="0" type="stmt"/>
          <line num="1929" count="0" type="stmt"/>
          <line num="1930" count="0" type="stmt"/>
          <line num="1932" count="0" type="stmt"/>
          <line num="1933" count="0" type="stmt"/>
          <line num="1934" count="0" type="stmt"/>
          <line num="1936" count="0" type="cond" truecount="0" falsecount="2"/>
          <line num="1937" count="0" type="stmt"/>
          <line num="1938" count="0" type="stmt"/>
          <line num="1941" count="0" type="stmt"/>
          <line num="1944" count="0" type="stmt"/>
          <line num="1945" count="0" type="cond" truecount="0" falsecount="2"/>
          <line num="1946" count="0" type="cond" truecount="0" falsecount="2"/>
          <line num="1948" count="0" type="cond" truecount="0" falsecount="5"/>
          <line num="1953" count="0" type="stmt"/>
          <line num="1955" count="0" type="stmt"/>
          <line num="1956" count="0" type="stmt"/>
          <line num="1960" count="0" type="stmt"/>
          <line num="1961" count="0" type="stmt"/>
          <line num="1962" count="0" type="stmt"/>
          <line num="1963" count="0" type="stmt"/>
          <line num="1964" count="0" type="stmt"/>
          <line num="1965" count="0" type="stmt"/>
          <line num="1966" count="0" type="stmt"/>
          <line num="1969" count="0" type="cond" truecount="0" falsecount="2"/>
          <line num="1970" count="0" type="stmt"/>
          <line num="1973" count="0" type="cond" truecount="0" falsecount="2"/>
          <line num="1974" count="0" type="cond" truecount="0" falsecount="2"/>
          <line num="1977" count="0" type="cond" truecount="0" falsecount="4"/>
          <line num="1978" count="0" type="stmt"/>
          <line num="1979" count="0" type="stmt"/>
          <line num="1982" count="0" type="stmt"/>
          <line num="1983" count="0" type="cond" truecount="0" falsecount="5"/>
          <line num="1990" count="0" type="stmt"/>
          <line num="1991" count="0" type="stmt"/>
          <line num="1993" count="0" type="stmt"/>
          <line num="1995" count="0" type="stmt"/>
          <line num="1999" count="0" type="stmt"/>
          <line num="2003" count="0" type="cond" truecount="0" falsecount="2"/>
          <line num="2004" count="0" type="stmt"/>
          <line num="2009" count="0" type="stmt"/>
          <line num="2012" count="0" type="stmt"/>
          <line num="2013" count="0" type="stmt"/>
          <line num="2023" count="0" type="stmt"/>
          <line num="2024" count="0" type="stmt"/>
          <line num="2025" count="0" type="stmt"/>
          <line num="2026" count="0" type="cond" truecount="0" falsecount="2"/>
          <line num="2028" count="0" type="cond" truecount="0" falsecount="2"/>
          <line num="2029" count="0" type="cond" truecount="0" falsecount="2"/>
          <line num="2033" count="0" type="stmt"/>
          <line num="2035" count="0" type="stmt"/>
          <line num="2036" count="0" type="stmt"/>
          <line num="2042" count="0" type="stmt"/>
          <line num="2043" count="0" type="stmt"/>
          <line num="2044" count="0" type="stmt"/>
          <line num="2051" count="0" type="stmt"/>
          <line num="2052" count="0" type="stmt"/>
          <line num="2053" count="0" type="stmt"/>
          <line num="2054" count="0" type="stmt"/>
          <line num="2069" count="0" type="stmt"/>
          <line num="2075" count="0" type="stmt"/>
          <line num="2077" count="0" type="stmt"/>
          <line num="2081" count="0" type="stmt"/>
          <line num="2083" count="0" type="stmt"/>
          <line num="2085" count="0" type="stmt"/>
          <line num="2086" count="0" type="stmt"/>
          <line num="2087" count="0" type="stmt"/>
          <line num="2088" count="0" type="stmt"/>
          <line num="2090" count="0" type="cond" truecount="0" falsecount="2"/>
          <line num="2091" count="0" type="stmt"/>
          <line num="2092" count="0" type="cond" truecount="0" falsecount="2"/>
          <line num="2095" count="0" type="cond" truecount="0" falsecount="2"/>
          <line num="2097" count="0" type="stmt"/>
          <line num="2098" count="0" type="stmt"/>
          <line num="2101" count="0" type="stmt"/>
          <line num="2105" count="0" type="stmt"/>
          <line num="2106" count="0" type="stmt"/>
          <line num="2108" count="0" type="cond" truecount="0" falsecount="4"/>
          <line num="2110" count="0" type="stmt"/>
          <line num="2112" count="0" type="stmt"/>
          <line num="2113" count="0" type="stmt"/>
          <line num="2114" count="0" type="stmt"/>
          <line num="2118" count="0" type="stmt"/>
          <line num="2125" count="0" type="stmt"/>
          <line num="2126" count="0" type="stmt"/>
          <line num="2127" count="0" type="cond" truecount="0" falsecount="5"/>
          <line num="2132" count="0" type="stmt"/>
          <line num="2140" count="0" type="stmt"/>
          <line num="2145" count="0" type="cond" truecount="0" falsecount="2"/>
          <line num="2146" count="0" type="stmt"/>
          <line num="2147" count="0" type="stmt"/>
          <line num="2149" count="0" type="stmt"/>
          <line num="2152" count="0" type="cond" truecount="0" falsecount="2"/>
          <line num="2153" count="0" type="stmt"/>
          <line num="2161" count="0" type="cond" truecount="0" falsecount="2"/>
          <line num="2164" count="0" type="cond" truecount="0" falsecount="4"/>
          <line num="2170" count="0" type="stmt"/>
          <line num="2178" count="0" type="stmt"/>
          <line num="2179" count="0" type="stmt"/>
          <line num="2180" count="0" type="stmt"/>
          <line num="2182" count="0" type="cond" truecount="0" falsecount="2"/>
          <line num="2183" count="0" type="cond" truecount="0" falsecount="2"/>
          <line num="2187" count="0" type="stmt"/>
          <line num="2189" count="0" type="stmt"/>
          <line num="2190" count="0" type="stmt"/>
          <line num="2196" count="0" type="stmt"/>
          <line num="2197" count="0" type="stmt"/>
          <line num="2198" count="0" type="stmt"/>
          <line num="2205" count="0" type="stmt"/>
          <line num="2206" count="0" type="stmt"/>
          <line num="2207" count="0" type="stmt"/>
          <line num="2210" count="0" type="stmt"/>
          <line num="2225" count="0" type="stmt"/>
          <line num="2231" count="0" type="stmt"/>
          <line num="2232" count="0" type="stmt"/>
          <line num="2234" count="0" type="stmt"/>
          <line num="2238" count="0" type="stmt"/>
          <line num="2239" count="0" type="stmt"/>
          <line num="2240" count="0" type="stmt"/>
          <line num="2241" count="0" type="stmt"/>
          <line num="2243" count="0" type="stmt"/>
          <line num="2246" count="0" type="stmt"/>
          <line num="2248" count="0" type="stmt"/>
          <line num="2250" count="0" type="stmt"/>
          <line num="2255" count="0" type="stmt"/>
          <line num="2256" count="0" type="stmt"/>
          <line num="2257" count="0" type="stmt"/>
          <line num="2258" count="0" type="stmt"/>
          <line num="2260" count="0" type="cond" truecount="0" falsecount="6"/>
          <line num="2262" count="0" type="cond" truecount="0" falsecount="2"/>
          <line num="2263" count="0" type="cond" truecount="0" falsecount="4"/>
          <line num="2264" count="0" type="cond" truecount="0" falsecount="2"/>
          <line num="2267" count="0" type="stmt"/>
          <line num="2268" count="0" type="cond" truecount="0" falsecount="2"/>
          <line num="2269" count="0" type="cond" truecount="0" falsecount="2"/>
          <line num="2271" count="0" type="cond" truecount="0" falsecount="4"/>
          <line num="2272" count="0" type="cond" truecount="0" falsecount="4"/>
          <line num="2274" count="0" type="stmt"/>
          <line num="2277" count="0" type="stmt"/>
          <line num="2278" count="0" type="cond" truecount="0" falsecount="2"/>
          <line num="2279" count="0" type="stmt"/>
          <line num="2280" count="0" type="stmt"/>
          <line num="2281" count="0" type="stmt"/>
          <line num="2282" count="0" type="stmt"/>
          <line num="2285" count="0" type="stmt"/>
          <line num="2286" count="0" type="stmt"/>
          <line num="2289" count="0" type="stmt"/>
          <line num="2290" count="0" type="cond" truecount="0" falsecount="2"/>
          <line num="2292" count="0" type="stmt"/>
          <line num="2293" count="0" type="stmt"/>
          <line num="2294" count="0" type="stmt"/>
          <line num="2295" count="0" type="stmt"/>
          <line num="2296" count="0" type="stmt"/>
          <line num="2298" count="0" type="cond" truecount="0" falsecount="2"/>
          <line num="2299" count="0" type="cond" truecount="0" falsecount="2"/>
          <line num="2300" count="0" type="cond" truecount="0" falsecount="2"/>
          <line num="2302" count="0" type="stmt"/>
          <line num="2304" count="0" type="cond" truecount="0" falsecount="2"/>
          <line num="2305" count="0" type="cond" truecount="0" falsecount="2"/>
          <line num="2307" count="0" type="cond" truecount="0" falsecount="2"/>
          <line num="2308" count="0" type="stmt"/>
          <line num="2310" count="0" type="stmt"/>
          <line num="2312" count="0" type="cond" truecount="0" falsecount="2"/>
          <line num="2314" count="0" type="stmt"/>
          <line num="2315" count="0" type="cond" truecount="0" falsecount="2"/>
          <line num="2317" count="0" type="stmt"/>
          <line num="2323" count="0" type="cond" truecount="0" falsecount="2"/>
          <line num="2324" count="0" type="stmt"/>
          <line num="2335" count="0" type="stmt"/>
          <line num="2336" count="0" type="stmt"/>
          <line num="2337" count="0" type="stmt"/>
          <line num="2338" count="0" type="cond" truecount="0" falsecount="2"/>
          <line num="2340" count="0" type="cond" truecount="0" falsecount="2"/>
          <line num="2341" count="0" type="cond" truecount="0" falsecount="2"/>
          <line num="2345" count="0" type="stmt"/>
          <line num="2347" count="0" type="stmt"/>
          <line num="2348" count="0" type="stmt"/>
          <line num="2354" count="0" type="stmt"/>
          <line num="2355" count="0" type="stmt"/>
          <line num="2356" count="0" type="stmt"/>
          <line num="2363" count="0" type="stmt"/>
          <line num="2364" count="0" type="stmt"/>
          <line num="2365" count="0" type="stmt"/>
          <line num="2366" count="0" type="stmt"/>
          <line num="2368" count="0" type="cond" truecount="0" falsecount="2"/>
          <line num="2370" count="0" type="cond" truecount="0" falsecount="2"/>
          <line num="2371" count="0" type="cond" truecount="0" falsecount="2"/>
          <line num="2373" count="0" type="stmt"/>
        </file>
        <file name="bootstrap.min.js" path="D:\Codigos\frontend-tech-test\src\bootstrap\assets\javascripts\bootstrap.min.js">
          <metrics statements="2" coveredstatements="0" conditionals="750" coveredconditionals="0" methods="190" coveredmethods="0"/>
          <line num="6" count="0" type="cond" truecount="0" falsecount="660"/>
          <line num="7" count="0" type="cond" truecount="0" falsecount="90"/>
        </file>
      </package>
      <package name="src.bootstrap.assets.javascripts.bootstrap">
        <metrics statements="1052" coveredstatements="0" conditionals="759" coveredconditionals="0" methods="189" coveredmethods="0"/>
        <file name="affix.js" path="D:\Codigos\frontend-tech-test\src\bootstrap\assets\javascripts\bootstrap\affix.js">
          <metrics statements="76" coveredstatements="0" conditionals="60" coveredconditionals="0" methods="11" coveredmethods="0"/>
          <line num="10" count="0" type="stmt"/>
          <line num="16" count="0" type="stmt"/>
          <line num="17" count="0" type="stmt"/>
          <line num="19" count="0" type="stmt"/>
          <line num="23" count="0" type="stmt"/>
          <line num="24" count="0" type="stmt"/>
          <line num="25" count="0" type="stmt"/>
          <line num="26" count="0" type="stmt"/>
          <line num="28" count="0" type="stmt"/>
          <line num="31" count="0" type="stmt"/>
          <line num="33" count="0" type="stmt"/>
          <line num="35" count="0" type="stmt"/>
          <line num="40" count="0" type="stmt"/>
          <line num="41" count="0" type="stmt"/>
          <line num="42" count="0" type="stmt"/>
          <line num="43" count="0" type="stmt"/>
          <line num="45" count="0" type="cond" truecount="0" falsecount="6"/>
          <line num="47" count="0" type="cond" truecount="0" falsecount="2"/>
          <line num="48" count="0" type="cond" truecount="0" falsecount="4"/>
          <line num="49" count="0" type="cond" truecount="0" falsecount="2"/>
          <line num="52" count="0" type="stmt"/>
          <line num="53" count="0" type="cond" truecount="0" falsecount="2"/>
          <line num="54" count="0" type="cond" truecount="0" falsecount="2"/>
          <line num="56" count="0" type="cond" truecount="0" falsecount="4"/>
          <line num="57" count="0" type="cond" truecount="0" falsecount="4"/>
          <line num="59" count="0" type="stmt"/>
          <line num="62" count="0" type="stmt"/>
          <line num="63" count="0" type="cond" truecount="0" falsecount="2"/>
          <line num="64" count="0" type="stmt"/>
          <line num="65" count="0" type="stmt"/>
          <line num="66" count="0" type="stmt"/>
          <line num="67" count="0" type="stmt"/>
          <line num="70" count="0" type="stmt"/>
          <line num="71" count="0" type="stmt"/>
          <line num="74" count="0" type="stmt"/>
          <line num="75" count="0" type="cond" truecount="0" falsecount="2"/>
          <line num="77" count="0" type="stmt"/>
          <line num="78" count="0" type="stmt"/>
          <line num="79" count="0" type="stmt"/>
          <line num="80" count="0" type="stmt"/>
          <line num="81" count="0" type="stmt"/>
          <line num="83" count="0" type="cond" truecount="0" falsecount="2"/>
          <line num="84" count="0" type="cond" truecount="0" falsecount="2"/>
          <line num="85" count="0" type="cond" truecount="0" falsecount="2"/>
          <line num="87" count="0" type="stmt"/>
          <line num="89" count="0" type="cond" truecount="0" falsecount="2"/>
          <line num="90" count="0" type="cond" truecount="0" falsecount="2"/>
          <line num="92" count="0" type="cond" truecount="0" falsecount="2"/>
          <line num="93" count="0" type="stmt"/>
          <line num="95" count="0" type="stmt"/>
          <line num="97" count="0" type="cond" truecount="0" falsecount="2"/>
          <line num="99" count="0" type="stmt"/>
          <line num="100" count="0" type="cond" truecount="0" falsecount="2"/>
          <line num="102" count="0" type="stmt"/>
          <line num="108" count="0" type="cond" truecount="0" falsecount="2"/>
          <line num="109" count="0" type="stmt"/>
          <line num="120" count="0" type="stmt"/>
          <line num="121" count="0" type="stmt"/>
          <line num="122" count="0" type="stmt"/>
          <line num="123" count="0" type="cond" truecount="0" falsecount="2"/>
          <line num="125" count="0" type="cond" truecount="0" falsecount="2"/>
          <line num="126" count="0" type="cond" truecount="0" falsecount="2"/>
          <line num="130" count="0" type="stmt"/>
          <line num="132" count="0" type="stmt"/>
          <line num="133" count="0" type="stmt"/>
          <line num="139" count="0" type="stmt"/>
          <line num="140" count="0" type="stmt"/>
          <line num="141" count="0" type="stmt"/>
          <line num="148" count="0" type="stmt"/>
          <line num="149" count="0" type="stmt"/>
          <line num="150" count="0" type="stmt"/>
          <line num="151" count="0" type="stmt"/>
          <line num="153" count="0" type="cond" truecount="0" falsecount="2"/>
          <line num="155" count="0" type="cond" truecount="0" falsecount="2"/>
          <line num="156" count="0" type="cond" truecount="0" falsecount="2"/>
          <line num="158" count="0" type="stmt"/>
        </file>
        <file name="alert.js" path="D:\Codigos\frontend-tech-test\src\bootstrap\assets\javascripts\bootstrap\alert.js">
          <metrics statements="33" coveredstatements="0" conditionals="20" coveredconditionals="0" methods="7" coveredmethods="0"/>
          <line num="10" count="0" type="stmt"/>
          <line num="16" count="0" type="stmt"/>
          <line num="17" count="0" type="stmt"/>
          <line num="18" count="0" type="stmt"/>
          <line num="21" count="0" type="stmt"/>
          <line num="23" count="0" type="stmt"/>
          <line num="25" count="0" type="stmt"/>
          <line num="26" count="0" type="stmt"/>
          <line num="27" count="0" type="stmt"/>
          <line num="29" count="0" type="cond" truecount="0" falsecount="2"/>
          <line num="30" count="0" type="stmt"/>
          <line num="31" count="0" type="cond" truecount="0" falsecount="2"/>
          <line num="34" count="0" type="cond" truecount="0" falsecount="2"/>
          <line num="36" count="0" type="cond" truecount="0" falsecount="2"/>
          <line num="38" count="0" type="cond" truecount="0" falsecount="2"/>
          <line num="39" count="0" type="stmt"/>
          <line num="42" count="0" type="stmt"/>
          <line num="44" count="0" type="cond" truecount="0" falsecount="2"/>
          <line num="46" count="0" type="stmt"/>
          <line num="50" count="0" type="stmt"/>
          <line num="53" count="0" type="cond" truecount="0" falsecount="4"/>
          <line num="65" count="0" type="stmt"/>
          <line num="66" count="0" type="stmt"/>
          <line num="67" count="0" type="stmt"/>
          <line num="69" count="0" type="cond" truecount="0" falsecount="2"/>
          <line num="70" count="0" type="cond" truecount="0" falsecount="2"/>
          <line num="74" count="0" type="stmt"/>
          <line num="76" count="0" type="stmt"/>
          <line num="77" count="0" type="stmt"/>
          <line num="83" count="0" type="stmt"/>
          <line num="84" count="0" type="stmt"/>
          <line num="85" count="0" type="stmt"/>
          <line num="92" count="0" type="stmt"/>
        </file>
        <file name="button.js" path="D:\Codigos\frontend-tech-test\src\bootstrap\assets\javascripts\bootstrap\button.js">
          <metrics statements="59" coveredstatements="0" conditionals="34" coveredconditionals="0" methods="10" coveredmethods="0"/>
          <line num="10" count="0" type="stmt"/>
          <line num="16" count="0" type="stmt"/>
          <line num="17" count="0" type="stmt"/>
          <line num="18" count="0" type="stmt"/>
          <line num="19" count="0" type="stmt"/>
          <line num="22" count="0" type="stmt"/>
          <line num="24" count="0" type="stmt"/>
          <line num="28" count="0" type="stmt"/>
          <line num="29" count="0" type="stmt"/>
          <line num="30" count="0" type="stmt"/>
          <line num="31" count="0" type="cond" truecount="0" falsecount="2"/>
          <line num="32" count="0" type="stmt"/>
          <line num="34" count="0" type="stmt"/>
          <line num="36" count="0" type="cond" truecount="0" falsecount="2"/>
          <line num="39" count="0" type="stmt"/>
          <line num="40" count="0" type="cond" truecount="0" falsecount="2"/>
          <line num="42" count="0" type="cond" truecount="0" falsecount="2"/>
          <line num="43" count="0" type="stmt"/>
          <line num="44" count="0" type="stmt"/>
          <line num="45" count="0" type="cond" truecount="0" falsecount="2"/>
          <line num="46" count="0" type="stmt"/>
          <line num="47" count="0" type="stmt"/>
          <line num="52" count="0" type="stmt"/>
          <line num="53" count="0" type="stmt"/>
          <line num="54" count="0" type="stmt"/>
          <line num="56" count="0" type="cond" truecount="0" falsecount="2"/>
          <line num="57" count="0" type="stmt"/>
          <line num="58" count="0" type="cond" truecount="0" falsecount="2"/>
          <line num="59" count="0" type="cond" truecount="0" falsecount="2"/>
          <line num="60" count="0" type="stmt"/>
          <line num="61" count="0" type="stmt"/>
          <line num="62" count="0" type="cond" truecount="0" falsecount="2"/>
          <line num="63" count="0" type="cond" truecount="0" falsecount="2"/>
          <line num="64" count="0" type="stmt"/>
          <line num="66" count="0" type="stmt"/>
          <line num="67" count="0" type="cond" truecount="0" falsecount="2"/>
          <line num="69" count="0" type="stmt"/>
          <line num="70" count="0" type="stmt"/>
          <line num="79" count="0" type="stmt"/>
          <line num="80" count="0" type="stmt"/>
          <line num="81" count="0" type="stmt"/>
          <line num="82" count="0" type="cond" truecount="0" falsecount="2"/>
          <line num="84" count="0" type="cond" truecount="0" falsecount="2"/>
          <line num="86" count="0" type="cond" truecount="0" falsecount="2"/>
          <line num="87" count="0" type="cond" truecount="0" falsecount="2"/>
          <line num="91" count="0" type="stmt"/>
          <line num="93" count="0" type="stmt"/>
          <line num="94" count="0" type="stmt"/>
          <line num="100" count="0" type="stmt"/>
          <line num="101" count="0" type="stmt"/>
          <line num="102" count="0" type="stmt"/>
          <line num="109" count="0" type="stmt"/>
          <line num="111" count="0" type="stmt"/>
          <line num="112" count="0" type="stmt"/>
          <line num="113" count="0" type="cond" truecount="0" falsecount="2"/>
          <line num="115" count="0" type="stmt"/>
          <line num="117" count="0" type="cond" truecount="0" falsecount="2"/>
          <line num="118" count="0" type="stmt"/>
          <line num="122" count="0" type="stmt"/>
        </file>
        <file name="carousel.js" path="D:\Codigos\frontend-tech-test\src\bootstrap\assets\javascripts\bootstrap\carousel.js">
          <metrics statements="123" coveredstatements="0" conditionals="90" coveredconditionals="0" methods="20" coveredmethods="0"/>
          <line num="10" count="0" type="stmt"/>
          <line num="16" count="0" type="stmt"/>
          <line num="17" count="0" type="stmt"/>
          <line num="18" count="0" type="stmt"/>
          <line num="19" count="0" type="stmt"/>
          <line num="20" count="0" type="stmt"/>
          <line num="21" count="0" type="stmt"/>
          <line num="22" count="0" type="stmt"/>
          <line num="23" count="0" type="stmt"/>
          <line num="24" count="0" type="stmt"/>
          <line num="26" count="0" type="cond" truecount="0" falsecount="2"/>
          <line num="28" count="0" type="cond" truecount="0" falsecount="3"/>
          <line num="33" count="0" type="stmt"/>
          <line num="35" count="0" type="stmt"/>
          <line num="37" count="0" type="stmt"/>
          <line num="44" count="0" type="stmt"/>
          <line num="45" count="0" type="cond" truecount="0" falsecount="2"/>
          <line num="46" count="0" type="cond" truecount="0" falsecount="3"/>
          <line num="47" count="0" type="stmt"/>
          <line num="48" count="0" type="stmt"/>
          <line num="49" count="0" type="stmt"/>
          <line num="52" count="0" type="stmt"/>
          <line num="55" count="0" type="stmt"/>
          <line num="56" count="0" type="cond" truecount="0" falsecount="2"/>
          <line num="58" count="0" type="cond" truecount="0" falsecount="2"/>
          <line num="60" count="0" type="cond" truecount="0" falsecount="3"/>
          <line num="64" count="0" type="stmt"/>
          <line num="67" count="0" type="stmt"/>
          <line num="68" count="0" type="stmt"/>
          <line num="69" count="0" type="cond" truecount="0" falsecount="2"/>
          <line num="72" count="0" type="stmt"/>
          <line num="73" count="0" type="stmt"/>
[...]
          <line num="332" count="0" type="stmt"/>
          <line num="334" count="0" type="cond" truecount="0" falsecount="4"/>
          <line num="340" count="0" type="stmt"/>
          <line num="342" count="0" type="stmt"/>
          <line num="345" count="0" type="stmt"/>
          <line num="346" count="0" type="stmt"/>
          <line num="347" count="0" type="cond" truecount="0" falsecount="4"/>
          <line num="348" count="0" type="cond" truecount="0" falsecount="2"/>
          <line num="352" count="0" type="stmt"/>
          <line num="353" count="0" type="stmt"/>
          <line num="356" count="0" type="stmt"/>
          <line num="357" count="0" type="cond" truecount="0" falsecount="2"/>
          <line num="359" count="0" type="stmt"/>
          <line num="360" count="0" type="stmt"/>
          <line num="362" count="0" type="stmt"/>
          <line num="363" count="0" type="cond" truecount="0" falsecount="2"/>
          <line num="365" count="0" type="stmt"/>
          <line num="367" count="0" type="cond" truecount="0" falsecount="2"/>
          <line num="370" count="0" type="cond" truecount="0" falsecount="4"/>
          <line num="371" count="0" type="cond" truecount="0" falsecount="4"/>
          <line num="372" count="0" type="cond" truecount="0" falsecount="2"/>
          <line num="374" count="0" type="stmt"/>
          <line num="377" count="0" type="stmt"/>
          <line num="378" count="0" type="cond" truecount="0" falsecount="2"/>
          <line num="385" count="0" type="stmt"/>
          <line num="386" count="0" type="stmt"/>
          <line num="387" count="0" type="cond" truecount="0" falsecount="2"/>
          <line num="389" count="0" type="cond" truecount="0" falsecount="3"/>
          <line num="390" count="0" type="stmt"/>
          <line num="392" count="0" type="cond" truecount="0" falsecount="2"/>
          <line num="393" count="0" type="stmt"/>
          <line num="394" count="0" type="stmt"/>
          <line num="395" count="0" type="cond" truecount="0" falsecount="2"/>
          <line num="396" count="0" type="stmt"/>
          <line num="397" count="0" type="cond" truecount="0" falsecount="2"/>
          <line num="398" count="0" type="stmt"/>
          <line num="401" count="0" type="stmt"/>
          <line num="402" count="0" type="stmt"/>
          <line num="403" count="0" type="cond" truecount="0" falsecount="2"/>
          <line num="404" count="0" type="stmt"/>
          <line num="405" count="0" type="cond" truecount="0" falsecount="2"/>
          <line num="406" count="0" type="stmt"/>
          <line num="410" count="0" type="stmt"/>
          <line num="413" count="0" type="stmt"/>
          <line num="415" count="0" type="stmt"/>
          <line num="416" count="0" type="stmt"/>
          <line num="418" count="0" type="cond" truecount="0" falsecount="2"/>
          <line num="421" count="0" type="stmt"/>
          <line num="424" count="0" type="stmt"/>
          <line num="425" count="0" type="stmt"/>
          <line num="427" count="0" type="stmt"/>
          <line num="430" count="0" type="stmt"/>
          <line num="431" count="0" type="cond" truecount="0" falsecount="2"/>
          <line num="432" count="0" type="stmt"/>
          <line num="433" count="0" type="cond" truecount="0" falsecount="2"/>
          <line num="434" count="0" type="stmt"/>
          <line num="437" count="0" type="stmt"/>
          <line num="440" count="0" type="stmt"/>
          <line num="441" count="0" type="cond" truecount="0" falsecount="2"/>
          <line num="444" count="0" type="stmt"/>
          <line num="445" count="0" type="stmt"/>
          <line num="448" count="0" type="stmt"/>
          <line num="449" count="0" type="stmt"/>
          <line num="452" count="0" type="stmt"/>
          <line num="453" count="0" type="stmt"/>
          <line num="456" count="0" type="stmt"/>
          <line num="457" count="0" type="stmt"/>
          <line num="458" count="0" type="cond" truecount="0" falsecount="2"/>
          <line num="459" count="0" type="stmt"/>
          <line num="460" count="0" type="cond" truecount="0" falsecount="2"/>
          <line num="461" count="0" type="stmt"/>
          <line num="462" count="0" type="stmt"/>
          <line num="466" count="0" type="cond" truecount="0" falsecount="2"/>
          <line num="467" count="0" type="stmt"/>
          <line num="468" count="0" type="cond" truecount="0" falsecount="2"/>
          <line num="469" count="0" type="stmt"/>
          <line num="471" count="0" type="cond" truecount="0" falsecount="2"/>
          <line num="475" count="0" type="stmt"/>
          <line num="476" count="0" type="stmt"/>
          <line num="477" count="0" type="stmt"/>
          <line num="478" count="0" type="stmt"/>
          <line num="479" count="0" type="stmt"/>
          <line num="480" count="0" type="cond" truecount="0" falsecount="2"/>
          <line num="481" count="0" type="stmt"/>
          <line num="483" count="0" type="stmt"/>
          <line num="484" count="0" type="stmt"/>
          <line num="485" count="0" type="stmt"/>
          <line num="486" count="0" type="stmt"/>
          <line num="495" count="0" type="stmt"/>
          <line num="496" count="0" type="stmt"/>
          <line num="497" count="0" type="stmt"/>
          <line num="498" count="0" type="cond" truecount="0" falsecount="2"/>
          <line num="500" count="0" type="cond" truecount="0" falsecount="4"/>
          <line num="501" count="0" type="cond" truecount="0" falsecount="2"/>
          <line num="502" count="0" type="cond" truecount="0" falsecount="2"/>
          <line num="506" count="0" type="stmt"/>
          <line num="508" count="0" type="stmt"/>
          <line num="509" count="0" type="stmt"/>
          <line num="515" count="0" type="stmt"/>
          <line num="516" count="0" type="stmt"/>
          <line num="517" count="0" type="stmt"/>
        </file>
        <file name="transition.js" path="D:\Codigos\frontend-tech-test\src\bootstrap\javascripts\bootstrap\transition.js">
          <metrics statements="19" coveredstatements="0" conditionals="8" coveredconditionals="0" methods="7" coveredmethods="0"/>
          <line num="10" count="0" type="stmt"/>
          <line num="17" count="0" type="stmt"/>
          <line num="19" count="0" type="stmt"/>
          <line num="26" count="0" type="stmt"/>
          <line num="27" count="0" type="cond" truecount="0" falsecount="2"/>
          <line num="28" count="0" type="stmt"/>
          <line num="32" count="0" type="stmt"/>
          <line num="36" count="0" type="stmt"/>
          <line num="37" count="0" type="stmt"/>
          <line num="38" count="0" type="stmt"/>
          <line num="39" count="0" type="stmt"/>
          <line num="40" count="0" type="cond" truecount="0" falsecount="2"/>
          <line num="41" count="0" type="stmt"/>
          <line num="42" count="0" type="stmt"/>
          <line num="45" count="0" type="stmt"/>
          <line num="46" count="0" type="stmt"/>
          <line num="48" count="0" type="cond" truecount="0" falsecount="2"/>
          <line num="50" count="0" type="stmt"/>
          <line num="54" count="0" type="cond" truecount="0" falsecount="2"/>
        </file>
      </package>
      <package name="src.components">
        <metrics statements="5" coveredstatements="0" conditionals="4" coveredconditionals="0" methods="2" coveredmethods="0"/>
        <file name="App.js" path="D:\Codigos\frontend-tech-test\src\components\App.js">
          <metrics statements="5" coveredstatements="0" conditionals="4" coveredconditionals="0" methods="2" coveredmethods="0"/>
          <line num="1" count="0" type="stmt"/>
          <line num="6" count="0" type="stmt"/>
          <line num="7" count="0" type="cond" truecount="0" falsecount="4"/>
          <line num="11" count="0" type="stmt"/>
          <line num="21" count="0" type="stmt"/>
        </file>
      </package>
      <package name="src.components.about">
        <metrics statements="4" coveredstatements="0" conditionals="4" coveredconditionals="0" methods="2" coveredmethods="0"/>
        <file name="aboutPage.js" path="D:\Codigos\frontend-tech-test\src\components\about\aboutPage.js">
          <metrics statements="4" coveredstatements="0" conditionals="4" coveredconditionals="0" methods="2" coveredmethods="0"/>
          <line num="1" count="0" type="stmt"/>
          <line num="4" count="0" type="cond" truecount="0" falsecount="4"/>
          <line num="8" count="0" type="stmt"/>
          <line num="59" count="0" type="stmt"/>
        </file>
      </package>
      <package name="src.components.common">
        <metrics statements="5" coveredstatements="0" conditionals="4" coveredconditionals="0" methods="2" coveredmethods="0"/>
        <file name="header.js" path="D:\Codigos\frontend-tech-test\src\components\common\header.js">
          <metrics statements="5" coveredstatements="0" conditionals="4" coveredconditionals="0" methods="2" coveredmethods="0"/>
          <line num="1" count="0" type="stmt"/>
          <line num="2" count="0" type="stmt"/>
          <line num="3" count="0" type="cond" truecount="0" falsecount="4"/>
          <line num="7" count="0" type="stmt"/>
          <line num="27" count="0" type="stmt"/>
        </file>
      </package>
      <package name="src.components.home">
        <metrics statements="5" coveredstatements="0" conditionals="4" coveredconditionals="0" methods="2" coveredmethods="0"/>
        <file name="homePage.js" path="D:\Codigos\frontend-tech-test\src\components\home\homePage.js">
          <metrics statements="5" coveredstatements="0" conditionals="4" coveredconditionals="0" methods="2" coveredmethods="0"/>
          <line num="1" count="0" type="stmt"/>
          <line num="7" count="0" type="stmt"/>
          <line num="8" count="0" type="cond" truecount="0" falsecount="4"/>
          <line num="12" count="0" type="stmt"/>
          <line num="23" count="0" type="stmt"/>
        </file>
      </package>
      <package name="src.components.todo">
        <metrics statements="74" coveredstatements="0" conditionals="38" coveredconditionals="0" methods="30" coveredmethods="0"/>
        <file name="addToDo.js" path="D:\Codigos\frontend-tech-test\src\components\todo\addToDo.js">
          <metrics statements="27" coveredstatements="0" conditionals="16" coveredconditionals="0" methods="11" coveredmethods="0"/>
          <line num="1" count="0" type="stmt"/>
          <line num="2" count="0" type="stmt"/>
          <line num="3" count="0" type="cond" truecount="0" falsecount="4"/>
          <line num="7" count="0" type="stmt"/>
          <line num="8" count="0" type="stmt"/>
          <line num="16" count="0" type="stmt"/>
          <line num="17" count="0" type="cond" truecount="0" falsecount="2"/>
          <line num="18" count="0" type="stmt"/>
          <line num="22" count="0" type="stmt"/>
          <line num="23" count="0" type="cond" truecount="0" falsecount="2"/>
          <line num="24" count="0" type="stmt"/>
          <line num="28" count="0" type="stmt"/>
          <line num="32" count="0" type="stmt"/>
          <line num="36" count="0" type="stmt"/>
          <line num="37" count="0" type="cond" truecount="0" falsecount="4"/>
          <line num="38" count="0" type="stmt"/>
          <line num="40" count="0" type="stmt"/>
          <line num="44" count="0" type="cond" truecount="0" falsecount="2"/>
          <line num="45" count="0" type="stmt"/>
          <line num="47" count="0" type="stmt"/>
          <line num="50" count="0" type="cond" truecount="0" falsecount="2"/>
          <line num="51" count="0" type="stmt"/>
          <line num="56" count="0" type="stmt"/>
          <line num="60" count="0" type="stmt"/>
          <line num="65" count="0" type="stmt"/>
          <line num="76" count="0" type="stmt"/>
          <line num="77" count="0" type="stmt"/>
        </file>
        <file name="toDo.js" path="D:\Codigos\frontend-tech-test\src\components\todo\toDo.js">
          <metrics statements="5" coveredstatements="0" conditionals="4" coveredconditionals="0" methods="3" coveredmethods="0"/>
          <line num="1" count="0" type="stmt"/>
          <line num="2" count="0" type="cond" truecount="0" falsecount="4"/>
          <line num="7" count="0" type="stmt"/>
          <line num="19" count="0" type="stmt"/>
          <line num="23" count="0" type="stmt"/>
        </file>
        <file name="toDoList.js" path="D:\Codigos\frontend-tech-test\src\components\todo\toDoList.js">
          <metrics statements="23" coveredstatements="0" conditionals="10" coveredconditionals="0" methods="12" coveredmethods="0"/>
          <line num="1" count="0" type="stmt"/>
          <line num="2" count="0" type="stmt"/>
          <line num="3" count="0" type="cond" truecount="0" falsecount="4"/>
          <line num="7" count="0" type="stmt"/>
          <line num="8" count="0" type="stmt"/>
          <line num="17" count="0" type="stmt"/>
          <line num="21" count="0" type="stmt"/>
          <line num="25" count="0" type="stmt"/>
          <line num="29" count="0" type="stmt"/>
          <line num="33" count="0" type="stmt"/>
          <line num="37" count="0" type="stmt"/>
          <line num="39" count="0" type="cond" truecount="0" falsecount="2"/>
          <line num="40" count="0" type="stmt"/>
          <line num="41" count="0" type="cond" truecount="0" falsecount="2"/>
          <line num="42" count="0" type="stmt"/>
          <line num="44" count="0" type="cond" truecount="0" falsecount="2"/>
          <line num="45" count="0" type="stmt"/>
          <line num="48" count="0" type="stmt"/>
          <line num="62" count="0" type="stmt"/>
          <line num="77" count="0" type="stmt"/>
          <line num="80" count="0" type="stmt"/>
          <line num="91" count="0" type="stmt"/>
          <line num="97" count="0" type="stmt"/>
        </file>
        <file name="toDoManager.js" path="D:\Codigos\frontend-tech-test\src\components\todo\toDoManager.js">
          <metrics statements="19" coveredstatements="0" conditionals="8" coveredconditionals="0" methods="4" coveredmethods="0"/>
          <line num="1" count="0" type="stmt"/>
          <line num="2" count="0" type="stmt"/>
          <line num="3" count="0" type="stmt"/>
          <line num="4" count="0" type="stmt"/>
          <line num="5" count="0" type="stmt"/>
          <line num="6" count="0" type="cond" truecount="0" falsecount="4"/>
          <line num="10" count="0" type="stmt"/>
          <line num="11" count="0" type="stmt"/>
          <line num="17" count="0" type="cond" truecount="0" falsecount="2"/>
          <line num="18" count="0" type="stmt"/>
          <line num="20" count="0" type="stmt"/>
          <line num="23" count="0" type="cond" truecount="0" falsecount="2"/>
          <line num="24" count="0" type="stmt"/>
          <line num="29" count="0" type="stmt"/>
          <line num="43" count="0" type="stmt"/>
          <line num="47" count="0" type="stmt"/>
          <line num="58" count="0" type="stmt"/>
          <line num="65" count="0" type="stmt"/>
          <line num="68" count="0" type="stmt"/>
        </file>
      </package>
      <package name="src.reducers">
        <metrics statements="20" coveredstatements="3" conditionals="20" coveredconditionals="3" methods="4" coveredmethods="1"/>
        <file name="index.js" path="D:\Codigos\frontend-tech-test\src\reducers\index.js">
          <metrics statements="2" coveredstatements="0" conditionals="4" coveredconditionals="0" methods="1" coveredmethods="0"/>
          <line num="1" count="0" type="stmt"/>
          <line num="2" count="0" type="cond" truecount="0" falsecount="4"/>
        </file>
        <file name="toDoReducer.js" path="D:\Codigos\frontend-tech-test\src\reducers\toDoReducer.js">
          <metrics statements="18" coveredstatements="3" conditionals="16" coveredconditionals="3" methods="3" coveredmethods="1"/>
          <line num="17" count="2" type="cond" truecount="2" falsecount="11"/>
          <line num="19" count="0" type="stmt"/>
          <line num="24" count="0" type="stmt"/>
          <line num="31" count="0" type="stmt"/>
          <line num="37" count="0" type="stmt"/>
          <line num="42" count="1" type="stmt"/>
          <line num="49" count="0" type="stmt"/>
          <line num="55" count="0" type="stmt"/>
          <line num="62" count="0" type="stmt"/>
          <line num="67" count="0" type="cond" truecount="0" falsecount="2"/>
          <line num="68" count="0" type="stmt"/>
          <line num="70" count="0" type="stmt"/>
          <line num="78" count="0" type="stmt"/>
          <line num="85" count="0" type="stmt"/>
          <line num="91" count="0" type="stmt"/>
          <line num="95" count="0" type="stmt"/>
          <line num="98" count="0" type="stmt"/>
          <line num="106" count="1" type="stmt"/>
        </file>
      </package>
      <package name="src.server">
        <metrics statements="47" coveredstatements="0" conditionals="14" coveredconditionals="0" methods="11" coveredmethods="0"/>
        <file name="server.js" path="D:\Codigos\frontend-tech-test\src\server\server.js">
          <metrics statements="47" coveredstatements="0" conditionals="14" coveredconditionals="0" methods="11" coveredmethods="0"/>
          <line num="3" count="0" type="stmt"/>
          <line num="4" count="0" type="stmt"/>
          <line num="5" count="0" type="stmt"/>
          <line num="6" count="0" type="stmt"/>
          <line num="8" count="0" type="stmt"/>
          <line num="11" count="0" type="stmt"/>
          <line num="12" count="0" type="stmt"/>
          <line num="13" count="0" type="stmt"/>
          <line num="14" count="0" type="stmt"/>
          <line num="15" count="0" type="stmt"/>
          <line num="18" count="0" type="cond" truecount="0" falsecount="2"/>
          <line num="25" count="0" type="stmt"/>
          <line num="26" count="0" type="stmt"/>
          <line num="40" count="0" type="stmt"/>
          <line num="41" count="0" type="stmt"/>
          <line num="43" count="0" type="cond" truecount="0" falsecount="2"/>
          <line num="44" count="0" type="stmt"/>
          <line num="46" count="0" type="cond" truecount="0" falsecount="2"/>
          <line num="47" count="0" type="stmt"/>
          <line num="51" count="0" type="stmt"/>
          <line num="56" count="0" type="stmt"/>
          <line num="74" count="0" type="stmt"/>
          <line num="75" count="0" type="stmt"/>
          <line num="77" count="0" type="cond" truecount="0" falsecount="2"/>
          <line num="78" count="0" type="stmt"/>
          <line num="79" count="0" type="cond" truecount="0" falsecount="2"/>
          <line num="80" count="0" type="stmt"/>
          <line num="81" count="0" type="stmt"/>
          <line num="82" count="0" type="stmt"/>
          <line num="84" count="0" type="stmt"/>
          <line num="89" count="0" type="stmt"/>
          <line num="104" count="0" type="stmt"/>
          <line num="105" count="0" type="stmt"/>
          <line num="111" count="0" type="stmt"/>
          <line num="114" count="0" type="stmt"/>
          <line num="133" count="0" type="stmt"/>
          <line num="134" count="0" type="stmt"/>
          <line num="136" count="0" type="cond" truecount="0" falsecount="2"/>
          <line num="137" count="0" type="stmt"/>
          <line num="139" count="0" type="cond" truecount="0" falsecount="2"/>
          <line num="140" count="0" type="stmt"/>
          <line num="141" count="0" type="stmt"/>
          <line num="142" count="0" type="stmt"/>
          <line num="146" count="0" type="stmt"/>
          <line num="151" count="0" type="stmt"/>
          <line num="157" count="0" type="stmt"/>
          <line num="158" count="0" type="stmt"/>
        </file>
      </package>
    </metrics>
  </project>
</coverage>
